14:49:18:335  INFO 31612 --- [main] com.hmall.trade.TradeApplication         : Starting TradeApplication using Java 11.0.20.1 on LAPTOP-AV2CUG49 with PID 31612 (E:\Project\Java\JavaStudy\SpringCloudDemo\hmall\trade-service\target\classes started by 醒酒器 in E:\Project\Java\JavaStudy\SpringCloudDemo)
14:49:18:338 DEBUG 31612 --- [main] com.hmall.trade.TradeApplication         : Running with Spring Boot v2.7.12, Spring v5.3.27
14:49:18:339  INFO 31612 --- [main] com.hmall.trade.TradeApplication         : The following 1 profile is active: "local"
14:49:19:607  INFO 31612 --- [main] o.s.cloud.context.scope.GenericScope     : BeanFactory id=5fef5bcc-bf0f-32af-be08-a7152c28e073
14:49:20:016  INFO 31612 --- [main] o.s.b.w.embedded.tomcat.TomcatWebServer  : Tomcat initialized with port(s): 8085 (http)
14:49:20:026  INFO 31612 --- [main] o.apache.catalina.core.StandardService   : Starting service [Tomcat]
14:49:20:027  INFO 31612 --- [main] org.apache.catalina.core.StandardEngine  : Starting Servlet engine: [Apache Tomcat/9.0.75]
14:49:20:168  INFO 31612 --- [main] o.a.c.c.C.[Tomcat].[localhost].[/]       : Initializing Spring embedded WebApplicationContext
14:49:20:169  INFO 31612 --- [main] w.s.c.ServletWebServerApplicationContext : Root WebApplicationContext: initialization completed in 1777 ms
14:49:20:234  WARN 31612 --- [main] ConfigServletWebServerApplicationContext : Exception encountered during context initialization - cancelling refresh attempt: org.springframework.beans.factory.UnsatisfiedDependencyException: Error creating bean with name 'orderController' defined in file [E:\Project\Java\JavaStudy\SpringCloudDemo\hmall\trade-service\target\classes\com\hmall\trade\controller\OrderController.class]: Unsatisfied dependency expressed through constructor parameter 0; nested exception is org.springframework.beans.factory.UnsatisfiedDependencyException: Error creating bean with name 'orderServiceImpl' defined in file [E:\Project\Java\JavaStudy\SpringCloudDemo\hmall\trade-service\target\classes\com\hmall\trade\service\impl\OrderServiceImpl.class]: Unsatisfied dependency expressed through constructor parameter 0; nested exception is org.springframework.beans.factory.NoSuchBeanDefinitionException: No qualifying bean of type 'com.hmall.api.client.ItemClient' available: expected at least 1 bean which qualifies as autowire candidate. Dependency annotations: {}
14:49:20:239  INFO 31612 --- [main] o.apache.catalina.core.StandardService   : Stopping service [Tomcat]
14:49:20:255  INFO 31612 --- [main] ConditionEvaluationReportLoggingListener : 

Error starting ApplicationContext. To display the conditions report re-run your application with 'debug' enabled.
14:49:20:273 ERROR 31612 --- [main] o.s.b.d.LoggingFailureAnalysisReporter   : 

***************************
APPLICATION FAILED TO START
***************************

Description:

Parameter 0 of constructor in com.hmall.trade.service.impl.OrderServiceImpl required a bean of type 'com.hmall.api.client.ItemClient' that could not be found.


Action:

Consider defining a bean of type 'com.hmall.api.client.ItemClient' in your configuration.

15:10:26:074  INFO 27940 --- [main] com.hmall.trade.TradeApplication         : Starting TradeApplication using Java 11.0.20.1 on LAPTOP-AV2CUG49 with PID 27940 (E:\Project\Java\JavaStudy\SpringCloudDemo\hmall\trade-service\target\classes started by 醒酒器 in E:\Project\Java\JavaStudy\SpringCloudDemo)
15:10:26:078 DEBUG 27940 --- [main] com.hmall.trade.TradeApplication         : Running with Spring Boot v2.7.12, Spring v5.3.27
15:10:26:079  INFO 27940 --- [main] com.hmall.trade.TradeApplication         : The following 1 profile is active: "local"
15:10:27:977  INFO 27940 --- [main] o.s.cloud.context.scope.GenericScope     : BeanFactory id=87f2f68c-5419-3134-b7ed-e7760bc1d768
15:10:28:776  INFO 27940 --- [main] o.s.b.w.embedded.tomcat.TomcatWebServer  : Tomcat initialized with port(s): 8085 (http)
15:10:28:798  INFO 27940 --- [main] o.apache.catalina.core.StandardService   : Starting service [Tomcat]
15:10:28:799  INFO 27940 --- [main] org.apache.catalina.core.StandardEngine  : Starting Servlet engine: [Apache Tomcat/9.0.75]
15:10:29:156  INFO 27940 --- [main] o.a.c.c.C.[Tomcat].[localhost].[/]       : Initializing Spring embedded WebApplicationContext
15:10:29:157  INFO 27940 --- [main] w.s.c.ServletWebServerApplicationContext : Root WebApplicationContext: initialization completed in 2999 ms
15:10:33:283  WARN 27940 --- [main] ConfigServletWebServerApplicationContext : Exception encountered during context initialization - cancelling refresh attempt: org.springframework.beans.factory.UnsatisfiedDependencyException: Error creating bean with name 'orderController' defined in file [E:\Project\Java\JavaStudy\SpringCloudDemo\hmall\trade-service\target\classes\com\hmall\trade\controller\OrderController.class]: Unsatisfied dependency expressed through constructor parameter 0; nested exception is org.springframework.beans.factory.UnsatisfiedDependencyException: Error creating bean with name 'orderServiceImpl' defined in file [E:\Project\Java\JavaStudy\SpringCloudDemo\hmall\trade-service\target\classes\com\hmall\trade\service\impl\OrderServiceImpl.class]: Unsatisfied dependency expressed through constructor parameter 1; nested exception is org.springframework.beans.factory.NoSuchBeanDefinitionException: No qualifying bean of type 'com.hmall.api.client.CartClient' available: expected at least 1 bean which qualifies as autowire candidate. Dependency annotations: {}
15:10:33:288  INFO 27940 --- [main] o.apache.catalina.core.StandardService   : Stopping service [Tomcat]
15:10:33:315  INFO 27940 --- [main] ConditionEvaluationReportLoggingListener : 

Error starting ApplicationContext. To display the conditions report re-run your application with 'debug' enabled.
15:10:33:349 ERROR 27940 --- [main] o.s.b.d.LoggingFailureAnalysisReporter   : 

***************************
APPLICATION FAILED TO START
***************************

Description:

Parameter 1 of constructor in com.hmall.trade.service.impl.OrderServiceImpl required a bean of type 'com.hmall.api.client.CartClient' that could not be found.


Action:

Consider defining a bean of type 'com.hmall.api.client.CartClient' in your configuration.

15:13:06:539  INFO 29828 --- [main] com.hmall.trade.TradeApplication         : Starting TradeApplication using Java 11.0.20.1 on LAPTOP-AV2CUG49 with PID 29828 (E:\Project\Java\JavaStudy\SpringCloudDemo\hmall\trade-service\target\classes started by 醒酒器 in E:\Project\Java\JavaStudy\SpringCloudDemo)
15:13:06:544 DEBUG 29828 --- [main] com.hmall.trade.TradeApplication         : Running with Spring Boot v2.7.12, Spring v5.3.27
15:13:06:544  INFO 29828 --- [main] com.hmall.trade.TradeApplication         : The following 1 profile is active: "local"
15:13:08:388  INFO 29828 --- [main] o.s.cloud.context.scope.GenericScope     : BeanFactory id=87f2f68c-5419-3134-b7ed-e7760bc1d768
15:13:09:027  INFO 29828 --- [main] o.s.b.w.embedded.tomcat.TomcatWebServer  : Tomcat initialized with port(s): 8085 (http)
15:13:09:044  INFO 29828 --- [main] o.apache.catalina.core.StandardService   : Starting service [Tomcat]
15:13:09:045  INFO 29828 --- [main] org.apache.catalina.core.StandardEngine  : Starting Servlet engine: [Apache Tomcat/9.0.75]
15:13:09:321  INFO 29828 --- [main] o.a.c.c.C.[Tomcat].[localhost].[/]       : Initializing Spring embedded WebApplicationContext
15:13:09:322  INFO 29828 --- [main] w.s.c.ServletWebServerApplicationContext : Root WebApplicationContext: initialization completed in 2702 ms
15:13:13:068  WARN 29828 --- [main] ConfigServletWebServerApplicationContext : Exception encountered during context initialization - cancelling refresh attempt: org.springframework.beans.factory.UnsatisfiedDependencyException: Error creating bean with name 'orderController' defined in file [E:\Project\Java\JavaStudy\SpringCloudDemo\hmall\trade-service\target\classes\com\hmall\trade\controller\OrderController.class]: Unsatisfied dependency expressed through constructor parameter 0; nested exception is org.springframework.beans.factory.UnsatisfiedDependencyException: Error creating bean with name 'orderServiceImpl' defined in file [E:\Project\Java\JavaStudy\SpringCloudDemo\hmall\trade-service\target\classes\com\hmall\trade\service\impl\OrderServiceImpl.class]: Unsatisfied dependency expressed through constructor parameter 1; nested exception is org.springframework.beans.factory.NoSuchBeanDefinitionException: No qualifying bean of type 'com.hmall.api.client.CartClient' available: expected at least 1 bean which qualifies as autowire candidate. Dependency annotations: {}
15:13:13:073  INFO 29828 --- [main] o.apache.catalina.core.StandardService   : Stopping service [Tomcat]
15:13:13:097  INFO 29828 --- [main] ConditionEvaluationReportLoggingListener : 

Error starting ApplicationContext. To display the conditions report re-run your application with 'debug' enabled.
15:13:13:122 ERROR 29828 --- [main] o.s.b.d.LoggingFailureAnalysisReporter   : 

***************************
APPLICATION FAILED TO START
***************************

Description:

Parameter 1 of constructor in com.hmall.trade.service.impl.OrderServiceImpl required a bean of type 'com.hmall.api.client.CartClient' that could not be found.


Action:

Consider defining a bean of type 'com.hmall.api.client.CartClient' in your configuration.

15:13:42:450  INFO 30980 --- [main] com.hmall.trade.TradeApplication         : Starting TradeApplication using Java 11.0.20.1 on LAPTOP-AV2CUG49 with PID 30980 (E:\Project\Java\JavaStudy\SpringCloudDemo\hmall\trade-service\target\classes started by 醒酒器 in E:\Project\Java\JavaStudy\SpringCloudDemo)
15:13:42:455 DEBUG 30980 --- [main] com.hmall.trade.TradeApplication         : Running with Spring Boot v2.7.12, Spring v5.3.27
15:13:42:455  INFO 30980 --- [main] com.hmall.trade.TradeApplication         : The following 1 profile is active: "local"
15:13:44:258  INFO 30980 --- [main] o.s.cloud.context.scope.GenericScope     : BeanFactory id=617ae161-926b-3012-98e4-1e472aa397d0
15:13:44:866  INFO 30980 --- [main] o.s.b.w.embedded.tomcat.TomcatWebServer  : Tomcat initialized with port(s): 8085 (http)
15:13:44:882  INFO 30980 --- [main] o.apache.catalina.core.StandardService   : Starting service [Tomcat]
15:13:44:883  INFO 30980 --- [main] org.apache.catalina.core.StandardEngine  : Starting Servlet engine: [Apache Tomcat/9.0.75]
15:13:45:154  INFO 30980 --- [main] o.a.c.c.C.[Tomcat].[localhost].[/]       : Initializing Spring embedded WebApplicationContext
15:13:45:155  INFO 30980 --- [main] w.s.c.ServletWebServerApplicationContext : Root WebApplicationContext: initialization completed in 2622 ms
15:13:48:935  WARN 30980 --- [main] ConfigServletWebServerApplicationContext : Exception encountered during context initialization - cancelling refresh attempt: org.springframework.beans.factory.UnsatisfiedDependencyException: Error creating bean with name 'orderController' defined in file [E:\Project\Java\JavaStudy\SpringCloudDemo\hmall\trade-service\target\classes\com\hmall\trade\controller\OrderController.class]: Unsatisfied dependency expressed through constructor parameter 0; nested exception is org.springframework.beans.factory.UnsatisfiedDependencyException: Error creating bean with name 'orderServiceImpl' defined in file [E:\Project\Java\JavaStudy\SpringCloudDemo\hmall\trade-service\target\classes\com\hmall\trade\service\impl\OrderServiceImpl.class]: Unsatisfied dependency expressed through constructor parameter 1; nested exception is org.springframework.beans.factory.NoSuchBeanDefinitionException: No qualifying bean of type 'com.hmall.api.client.CartClient' available: expected at least 1 bean which qualifies as autowire candidate. Dependency annotations: {}
15:13:48:940  INFO 30980 --- [main] o.apache.catalina.core.StandardService   : Stopping service [Tomcat]
15:13:48:965  INFO 30980 --- [main] ConditionEvaluationReportLoggingListener : 

Error starting ApplicationContext. To display the conditions report re-run your application with 'debug' enabled.
15:13:48:993 ERROR 30980 --- [main] o.s.b.d.LoggingFailureAnalysisReporter   : 

***************************
APPLICATION FAILED TO START
***************************

Description:

Parameter 1 of constructor in com.hmall.trade.service.impl.OrderServiceImpl required a bean of type 'com.hmall.api.client.CartClient' that could not be found.


Action:

Consider defining a bean of type 'com.hmall.api.client.CartClient' in your configuration.

15:18:05:368  INFO 5300 --- [main] com.hmall.trade.TradeApplication         : Starting TradeApplication using Java 11.0.20.1 on LAPTOP-AV2CUG49 with PID 5300 (E:\Project\Java\JavaStudy\SpringCloudDemo\hmall\trade-service\target\classes started by 醒酒器 in E:\Project\Java\JavaStudy\SpringCloudDemo)
15:18:05:373 DEBUG 5300 --- [main] com.hmall.trade.TradeApplication         : Running with Spring Boot v2.7.12, Spring v5.3.27
15:18:05:373  INFO 5300 --- [main] com.hmall.trade.TradeApplication         : The following 1 profile is active: "local"
15:18:07:252  INFO 5300 --- [main] o.s.cloud.context.scope.GenericScope     : BeanFactory id=617ae161-926b-3012-98e4-1e472aa397d0
15:18:07:882  INFO 5300 --- [main] o.s.b.w.embedded.tomcat.TomcatWebServer  : Tomcat initialized with port(s): 8085 (http)
15:18:07:895  INFO 5300 --- [main] o.apache.catalina.core.StandardService   : Starting service [Tomcat]
15:18:07:897  INFO 5300 --- [main] org.apache.catalina.core.StandardEngine  : Starting Servlet engine: [Apache Tomcat/9.0.75]
15:18:08:175  INFO 5300 --- [main] o.a.c.c.C.[Tomcat].[localhost].[/]       : Initializing Spring embedded WebApplicationContext
15:18:08:176  INFO 5300 --- [main] w.s.c.ServletWebServerApplicationContext : Root WebApplicationContext: initialization completed in 2731 ms
15:18:12:087  WARN 5300 --- [main] ConfigServletWebServerApplicationContext : Exception encountered during context initialization - cancelling refresh attempt: org.springframework.beans.factory.UnsatisfiedDependencyException: Error creating bean with name 'orderController' defined in file [E:\Project\Java\JavaStudy\SpringCloudDemo\hmall\trade-service\target\classes\com\hmall\trade\controller\OrderController.class]: Unsatisfied dependency expressed through constructor parameter 0; nested exception is org.springframework.beans.factory.UnsatisfiedDependencyException: Error creating bean with name 'orderServiceImpl' defined in file [E:\Project\Java\JavaStudy\SpringCloudDemo\hmall\trade-service\target\classes\com\hmall\trade\service\impl\OrderServiceImpl.class]: Unsatisfied dependency expressed through constructor parameter 1; nested exception is org.springframework.beans.factory.NoSuchBeanDefinitionException: No qualifying bean of type 'com.hmall.api.client.CartClient' available: expected at least 1 bean which qualifies as autowire candidate. Dependency annotations: {}
15:18:12:094  INFO 5300 --- [main] o.apache.catalina.core.StandardService   : Stopping service [Tomcat]
15:18:12:120  INFO 5300 --- [main] ConditionEvaluationReportLoggingListener : 

Error starting ApplicationContext. To display the conditions report re-run your application with 'debug' enabled.
15:18:12:150 ERROR 5300 --- [main] o.s.b.d.LoggingFailureAnalysisReporter   : 

***************************
APPLICATION FAILED TO START
***************************

Description:

Parameter 1 of constructor in com.hmall.trade.service.impl.OrderServiceImpl required a bean of type 'com.hmall.api.client.CartClient' that could not be found.


Action:

Consider defining a bean of type 'com.hmall.api.client.CartClient' in your configuration.

15:18:46:311  INFO 28600 --- [main] com.hmall.trade.TradeApplication         : Starting TradeApplication using Java 11.0.20.1 on LAPTOP-AV2CUG49 with PID 28600 (E:\Project\Java\JavaStudy\SpringCloudDemo\hmall\trade-service\target\classes started by 醒酒器 in E:\Project\Java\JavaStudy\SpringCloudDemo)
15:18:46:316 DEBUG 28600 --- [main] com.hmall.trade.TradeApplication         : Running with Spring Boot v2.7.12, Spring v5.3.27
15:18:46:317  INFO 28600 --- [main] com.hmall.trade.TradeApplication         : The following 1 profile is active: "local"
15:18:48:317  INFO 28600 --- [main] o.s.cloud.context.scope.GenericScope     : BeanFactory id=617ae161-926b-3012-98e4-1e472aa397d0
15:18:48:975  INFO 28600 --- [main] o.s.b.w.embedded.tomcat.TomcatWebServer  : Tomcat initialized with port(s): 8085 (http)
15:18:48:992  INFO 28600 --- [main] o.apache.catalina.core.StandardService   : Starting service [Tomcat]
15:18:48:993  INFO 28600 --- [main] org.apache.catalina.core.StandardEngine  : Starting Servlet engine: [Apache Tomcat/9.0.75]
15:18:49:260  INFO 28600 --- [main] o.a.c.c.C.[Tomcat].[localhost].[/]       : Initializing Spring embedded WebApplicationContext
15:18:49:260  INFO 28600 --- [main] w.s.c.ServletWebServerApplicationContext : Root WebApplicationContext: initialization completed in 2854 ms
15:18:53:307  INFO 28600 --- [main] o.s.c.openfeign.FeignClientFactoryBean   : For 'cart-service' URL not provided. Will try picking an instance via load-balancing.
15:18:53:396  INFO 28600 --- [main] o.s.c.openfeign.FeignClientFactoryBean   : For 'item-service' URL not provided. Will try picking an instance via load-balancing.
15:18:55:776  INFO 28600 --- [main] pertySourcedRequestMappingHandlerMapping : Mapped URL path [/v2/api-docs] onto method [springfox.documentation.swagger2.web.Swagger2ControllerWebMvc#getDocumentation(String, HttpServletRequest)]
15:18:57:508  INFO 28600 --- [main] com.alibaba.nacos.common.remote.client   : [RpcClientFactory] create a new rpc client of 89652fe8-5c9b-4e2a-82a5-2cfe911b22a7
15:18:57:588  INFO 28600 --- [main] org.reflections.Reflections              : Reflections took 45 ms to scan 1 urls, producing 3 keys and 6 values 
15:18:57:659  INFO 28600 --- [main] org.reflections.Reflections              : Reflections took 42 ms to scan 1 urls, producing 4 keys and 9 values 
15:18:57:686  INFO 28600 --- [main] org.reflections.Reflections              : Reflections took 19 ms to scan 1 urls, producing 3 keys and 10 values 
15:18:57:692  WARN 28600 --- [main] org.reflections.Reflections              : given scan urls are empty. set urls in the configuration
15:18:57:706  INFO 28600 --- [main] org.reflections.Reflections              : Reflections took 13 ms to scan 1 urls, producing 1 keys and 5 values 
15:18:57:734  INFO 28600 --- [main] org.reflections.Reflections              : Reflections took 23 ms to scan 1 urls, producing 1 keys and 7 values 
15:18:57:761  INFO 28600 --- [main] org.reflections.Reflections              : Reflections took 19 ms to scan 1 urls, producing 2 keys and 8 values 
15:18:57:767  WARN 28600 --- [main] org.reflections.Reflections              : given scan urls are empty. set urls in the configuration
15:18:57:770  INFO 28600 --- [main] com.alibaba.nacos.common.remote.client   : [89652fe8-5c9b-4e2a-82a5-2cfe911b22a7] RpcClient init label, labels = {module=naming, source=sdk}
15:18:57:775  INFO 28600 --- [main] com.alibaba.nacos.common.remote.client   : [89652fe8-5c9b-4e2a-82a5-2cfe911b22a7] RpcClient init, ServerListFactory = com.alibaba.nacos.client.naming.core.ServerListManager
15:18:57:775  INFO 28600 --- [main] com.alibaba.nacos.common.remote.client   : [89652fe8-5c9b-4e2a-82a5-2cfe911b22a7] Registry connection listener to current client:com.alibaba.nacos.client.naming.remote.gprc.redo.NamingGrpcRedoService
15:18:57:777  INFO 28600 --- [main] com.alibaba.nacos.common.remote.client   : [89652fe8-5c9b-4e2a-82a5-2cfe911b22a7] Register server push request handler:com.alibaba.nacos.client.naming.remote.gprc.NamingPushRequestHandler
15:18:57:781  INFO 28600 --- [main] com.alibaba.nacos.common.remote.client   : [89652fe8-5c9b-4e2a-82a5-2cfe911b22a7] Try to connect to server on start up, server: {serverIp = '192.168.107.128', server main port = 8848}
15:19:02:248  INFO 28600 --- [main] com.alibaba.nacos.common.remote.client   : [89652fe8-5c9b-4e2a-82a5-2cfe911b22a7] Success to connect to server [192.168.107.128:8848] on start up, connectionId = 1697527140171_192.168.107.1_29846
15:19:02:249  INFO 28600 --- [com.alibaba.nacos.client.remote.worker] com.alibaba.nacos.common.remote.client   : [89652fe8-5c9b-4e2a-82a5-2cfe911b22a7] Notify connected event to listeners.
15:19:02:251  INFO 28600 --- [main] com.alibaba.nacos.common.remote.client   : [89652fe8-5c9b-4e2a-82a5-2cfe911b22a7] Register server push request handler:com.alibaba.nacos.common.remote.client.RpcClient$ConnectResetRequestHandler
15:19:02:252  INFO 28600 --- [main] com.alibaba.nacos.common.remote.client   : [89652fe8-5c9b-4e2a-82a5-2cfe911b22a7] Register server push request handler:com.alibaba.nacos.common.remote.client.RpcClient$$Lambda$975/0x00000008006dcc40
15:19:02:382  INFO 28600 --- [main] o.s.b.w.embedded.tomcat.TomcatWebServer  : Tomcat started on port(s): 8085 (http) with context path ''
15:19:02:413  INFO 28600 --- [main] c.a.c.n.registry.NacosServiceRegistry    : nacos registry, DEFAULT_GROUP trade-service 192.168.66.86:8085 register finished
15:19:02:916  INFO 28600 --- [nacos-grpc-client-executor-9] com.alibaba.nacos.common.remote.client   : [89652fe8-5c9b-4e2a-82a5-2cfe911b22a7] Receive server push request, request = NotifySubscriberRequest, requestId = 11
15:19:02:924  INFO 28600 --- [nacos-grpc-client-executor-9] com.alibaba.nacos.common.remote.client   : [89652fe8-5c9b-4e2a-82a5-2cfe911b22a7] Ack server push request, request = NotifySubscriberRequest, requestId = 11
15:19:03:999  INFO 28600 --- [main] d.s.w.p.DocumentationPluginsBootstrapper : Documentation plugins bootstrapped
15:19:04:006  INFO 28600 --- [main] d.s.w.p.DocumentationPluginsBootstrapper : Found 1 custom documentation plugin(s)
15:19:04:051  INFO 28600 --- [main] s.d.s.w.s.ApiListingReferenceScanner     : Scanning for api listing references
15:19:04:245  INFO 28600 --- [main] com.hmall.trade.TradeApplication         : Started TradeApplication in 20.375 seconds (JVM running for 23.027)
15:36:06:748 ERROR 28600 --- [com.alibaba.nacos.client.naming.updater.0] com.alibaba.nacos.common.remote.client   : Send request fail, request = ServiceQueryRequest{headers={}, requestId='null'}, retryTimes = 0, errorMessage = java.util.concurrent.TimeoutException: Waited 3000 milliseconds (plus 4 milliseconds, 382000 nanoseconds delay) for com.alibaba.nacos.shaded.io.grpc.stub.ClientCalls$GrpcFuture@ce40cbc[status=PENDING, info=[GrpcFuture{clientCall={delegate={delegate=ClientCallImpl{method=MethodDescriptor{fullMethodName=Request/request, type=UNARY, idempotent=false, safe=false, sampledToLocalTracing=true, requestMarshaller=com.alibaba.nacos.shaded.io.grpc.protobuf.lite.ProtoLiteUtils$MessageMarshaller@7b49ba6e, responseMarshaller=com.alibaba.nacos.shaded.io.grpc.protobuf.lite.ProtoLiteUtils$MessageMarshaller@1033f6d, schemaDescriptor=com.alibaba.nacos.api.grpc.auto.RequestGrpc$RequestMethodDescriptorSupplier@3c86391f}}}}}]]
15:36:08:902 ERROR 28600 --- [com.alibaba.nacos.client.naming.updater.0] com.alibaba.nacos.common.remote.client   : Send request fail, request = ServiceQueryRequest{headers={app=unknown}, requestId='null'}, retryTimes = 0, errorMessage = Client not connected, current status:UNHEALTHY
15:36:09:010 ERROR 28600 --- [com.alibaba.nacos.client.naming.updater.0] com.alibaba.nacos.common.remote.client   : Send request fail, request = ServiceQueryRequest{headers={app=unknown}, requestId='null'}, retryTimes = 1, errorMessage = Client not connected, current status:UNHEALTHY
15:36:09:119 ERROR 28600 --- [com.alibaba.nacos.client.naming.updater.0] com.alibaba.nacos.common.remote.client   : Send request fail, request = ServiceQueryRequest{headers={app=unknown}, requestId='null'}, retryTimes = 2, errorMessage = Client not connected, current status:UNHEALTHY
15:36:09:303  INFO 28600 --- [com.alibaba.nacos.client.remote.worker] com.alibaba.nacos.common.remote.client   : [89652fe8-5c9b-4e2a-82a5-2cfe911b22a7] Server healthy check fail, currentConnection = 1697527140171_192.168.107.1_29846
15:36:09:304  INFO 28600 --- [com.alibaba.nacos.client.remote.worker] com.alibaba.nacos.common.remote.client   : [89652fe8-5c9b-4e2a-82a5-2cfe911b22a7] Try to reconnect to a new server, server is  not appointed, will choose a random server.
15:36:12:320 ERROR 28600 --- [com.alibaba.nacos.client.remote.worker] c.a.n.c.remote.client.grpc.GrpcClient    : Server check fail, please check server 192.168.107.128 ,port 9848 is available , error ={}

java.util.concurrent.TimeoutException: Waited 3000 milliseconds (plus 2 milliseconds, 661699 nanoseconds delay) for com.alibaba.nacos.shaded.io.grpc.stub.ClientCalls$GrpcFuture@413fd6b2[status=PENDING, info=[GrpcFuture{clientCall={delegate={delegate=ClientCallImpl{method=MethodDescriptor{fullMethodName=Request/request, type=UNARY, idempotent=false, safe=false, sampledToLocalTracing=true, requestMarshaller=com.alibaba.nacos.shaded.io.grpc.protobuf.lite.ProtoLiteUtils$MessageMarshaller@7b49ba6e, responseMarshaller=com.alibaba.nacos.shaded.io.grpc.protobuf.lite.ProtoLiteUtils$MessageMarshaller@1033f6d, schemaDescriptor=com.alibaba.nacos.api.grpc.auto.RequestGrpc$RequestMethodDescriptorSupplier@3c86391f}}}}}]]
	at com.alibaba.nacos.shaded.com.google.common.util.concurrent.AbstractFuture.get(AbstractFuture.java:508) ~[nacos-client-2.0.4.jar:na]
	at com.alibaba.nacos.common.remote.client.grpc.GrpcClient.serverCheck(GrpcClient.java:148) ~[nacos-client-2.0.4.jar:na]
	at com.alibaba.nacos.common.remote.client.grpc.GrpcClient.connectToServer(GrpcClient.java:264) ~[nacos-client-2.0.4.jar:na]
	at com.alibaba.nacos.common.remote.client.RpcClient.reconnect(RpcClient.java:522) ~[nacos-client-2.0.4.jar:na]
	at com.alibaba.nacos.common.remote.client.RpcClient.lambda$start$2(RpcClient.java:370) ~[nacos-client-2.0.4.jar:na]
	at java.base/java.util.concurrent.Executors$RunnableAdapter.call(Executors.java:515) ~[na:na]
	at java.base/java.util.concurrent.FutureTask.run(FutureTask.java:264) ~[na:na]
	at java.base/java.util.concurrent.ScheduledThreadPoolExecutor$ScheduledFutureTask.run(ScheduledThreadPoolExecutor.java:304) ~[na:na]
	at java.base/java.util.concurrent.ThreadPoolExecutor.runWorker(ThreadPoolExecutor.java:1128) ~[na:na]
	at java.base/java.util.concurrent.ThreadPoolExecutor$Worker.run(ThreadPoolExecutor.java:628) ~[na:na]
	at java.base/java.lang.Thread.run(Thread.java:829) ~[na:na]

15:36:13:239 ERROR 28600 --- [com.alibaba.nacos.client.naming.updater.0] com.alibaba.nacos.common.remote.client   : Send request fail, request = ServiceQueryRequest{headers={app=unknown}, requestId='null'}, retryTimes = 0, errorMessage = Client not connected, current status:UNHEALTHY
15:36:13:346 ERROR 28600 --- [com.alibaba.nacos.client.naming.updater.0] com.alibaba.nacos.common.remote.client   : Send request fail, request = ServiceQueryRequest{headers={app=unknown}, requestId='null'}, retryTimes = 1, errorMessage = Client not connected, current status:UNHEALTHY
15:36:13:454 ERROR 28600 --- [com.alibaba.nacos.client.naming.updater.0] com.alibaba.nacos.common.remote.client   : Send request fail, request = ServiceQueryRequest{headers={app=unknown}, requestId='null'}, retryTimes = 2, errorMessage = Client not connected, current status:UNHEALTHY
15:36:15:450 ERROR 28600 --- [com.alibaba.nacos.client.remote.worker] c.a.n.c.remote.client.grpc.GrpcClient    : Server check fail, please check server 192.168.107.128 ,port 9848 is available , error ={}

java.util.concurrent.TimeoutException: Waited 3000 milliseconds (plus 4 milliseconds, 850799 nanoseconds delay) for com.alibaba.nacos.shaded.io.grpc.stub.ClientCalls$GrpcFuture@adf3ea8[status=PENDING, info=[GrpcFuture{clientCall={delegate={delegate=ClientCallImpl{method=MethodDescriptor{fullMethodName=Request/request, type=UNARY, idempotent=false, safe=false, sampledToLocalTracing=true, requestMarshaller=com.alibaba.nacos.shaded.io.grpc.protobuf.lite.ProtoLiteUtils$MessageMarshaller@7b49ba6e, responseMarshaller=com.alibaba.nacos.shaded.io.grpc.protobuf.lite.ProtoLiteUtils$MessageMarshaller@1033f6d, schemaDescriptor=com.alibaba.nacos.api.grpc.auto.RequestGrpc$RequestMethodDescriptorSupplier@3c86391f}}}}}]]
	at com.alibaba.nacos.shaded.com.google.common.util.concurrent.AbstractFuture.get(AbstractFuture.java:508) ~[nacos-client-2.0.4.jar:na]
	at com.alibaba.nacos.common.remote.client.grpc.GrpcClient.serverCheck(GrpcClient.java:148) ~[nacos-client-2.0.4.jar:na]
	at com.alibaba.nacos.common.remote.client.grpc.GrpcClient.connectToServer(GrpcClient.java:264) ~[nacos-client-2.0.4.jar:na]
	at com.alibaba.nacos.common.remote.client.RpcClient.reconnect(RpcClient.java:522) ~[nacos-client-2.0.4.jar:na]
	at com.alibaba.nacos.common.remote.client.RpcClient.lambda$start$2(RpcClient.java:370) ~[nacos-client-2.0.4.jar:na]
	at java.base/java.util.concurrent.Executors$RunnableAdapter.call(Executors.java:515) ~[na:na]
	at java.base/java.util.concurrent.FutureTask.run(FutureTask.java:264) ~[na:na]
	at java.base/java.util.concurrent.ScheduledThreadPoolExecutor$ScheduledFutureTask.run(ScheduledThreadPoolExecutor.java:304) ~[na:na]
	at java.base/java.util.concurrent.ThreadPoolExecutor.runWorker(ThreadPoolExecutor.java:1128) ~[na:na]
	at java.base/java.util.concurrent.ThreadPoolExecutor$Worker.run(ThreadPoolExecutor.java:628) ~[na:na]
	at java.base/java.lang.Thread.run(Thread.java:829) ~[na:na]

15:36:15:453  INFO 28600 --- [com.alibaba.nacos.client.remote.worker] com.alibaba.nacos.common.remote.client   : [89652fe8-5c9b-4e2a-82a5-2cfe911b22a7] Fail to connect server, after trying 1 times, last try server is {serverIp = '192.168.107.128', server main port = 8848}, error = unknown
15:36:18:680 ERROR 28600 --- [com.alibaba.nacos.client.remote.worker] c.a.n.c.remote.client.grpc.GrpcClient    : Server check fail, please check server 192.168.107.128 ,port 9848 is available , error ={}

java.util.concurrent.TimeoutException: Waited 3000 milliseconds (plus 8 milliseconds, 317700 nanoseconds delay) for com.alibaba.nacos.shaded.io.grpc.stub.ClientCalls$GrpcFuture@5e47ef45[status=PENDING, info=[GrpcFuture{clientCall={delegate={delegate=ClientCallImpl{method=MethodDescriptor{fullMethodName=Request/request, type=UNARY, idempotent=false, safe=false, sampledToLocalTracing=true, requestMarshaller=com.alibaba.nacos.shaded.io.grpc.protobuf.lite.ProtoLiteUtils$MessageMarshaller@7b49ba6e, responseMarshaller=com.alibaba.nacos.shaded.io.grpc.protobuf.lite.ProtoLiteUtils$MessageMarshaller@1033f6d, schemaDescriptor=com.alibaba.nacos.api.grpc.auto.RequestGrpc$RequestMethodDescriptorSupplier@3c86391f}}}}}]]
	at com.alibaba.nacos.shaded.com.google.common.util.concurrent.AbstractFuture.get(AbstractFuture.java:508) ~[nacos-client-2.0.4.jar:na]
	at com.alibaba.nacos.common.remote.client.grpc.GrpcClient.serverCheck(GrpcClient.java:148) ~[nacos-client-2.0.4.jar:na]
	at com.alibaba.nacos.common.remote.client.grpc.GrpcClient.connectToServer(GrpcClient.java:264) ~[nacos-client-2.0.4.jar:na]
	at com.alibaba.nacos.common.remote.client.RpcClient.reconnect(RpcClient.java:522) ~[nacos-client-2.0.4.jar:na]
	at com.alibaba.nacos.common.remote.client.RpcClient.lambda$start$2(RpcClient.java:370) ~[nacos-client-2.0.4.jar:na]
	at java.base/java.util.concurrent.Executors$RunnableAdapter.call(Executors.java:515) ~[na:na]
	at java.base/java.util.concurrent.FutureTask.run(FutureTask.java:264) ~[na:na]
	at java.base/java.util.concurrent.ScheduledThreadPoolExecutor$ScheduledFutureTask.run(ScheduledThreadPoolExecutor.java:304) ~[na:na]
	at java.base/java.util.concurrent.ThreadPoolExecutor.runWorker(ThreadPoolExecutor.java:1128) ~[na:na]
	at java.base/java.util.concurrent.ThreadPoolExecutor$Worker.run(ThreadPoolExecutor.java:628) ~[na:na]
	at java.base/java.lang.Thread.run(Thread.java:829) ~[na:na]

15:36:18:681  INFO 28600 --- [com.alibaba.nacos.client.remote.worker] com.alibaba.nacos.common.remote.client   : [89652fe8-5c9b-4e2a-82a5-2cfe911b22a7] Fail to connect server, after trying 2 times, last try server is {serverIp = '192.168.107.128', server main port = 8848}, error = unknown
15:36:19:792  INFO 28600 --- [com.alibaba.nacos.client.remote.worker] com.alibaba.nacos.common.remote.client   : [89652fe8-5c9b-4e2a-82a5-2cfe911b22a7] Success to connect a server [192.168.107.128:8848], connectionId = 1697528177819_192.168.107.1_37958
15:36:19:793  INFO 28600 --- [com.alibaba.nacos.client.remote.worker] com.alibaba.nacos.common.remote.client   : [89652fe8-5c9b-4e2a-82a5-2cfe911b22a7] Abandon prev connection, server is 192.168.107.128:8848, connectionId is 1697527140171_192.168.107.1_29846
15:36:19:793  INFO 28600 --- [com.alibaba.nacos.client.remote.worker] com.alibaba.nacos.common.remote.client   : Close current connection 1697527140171_192.168.107.1_29846
15:36:19:795  INFO 28600 --- [com.alibaba.nacos.client.remote.worker] com.alibaba.nacos.common.remote.client   : [89652fe8-5c9b-4e2a-82a5-2cfe911b22a7] Notify disconnected event to listeners
15:36:19:798  WARN 28600 --- [nacos-grpc-client-executor-255] c.a.n.c.remote.client.grpc.GrpcClient    : [1697527140171_192.168.107.1_29846]Ignore error event,isRunning:true,isAbandon=true
15:36:19:805  INFO 28600 --- [com.alibaba.nacos.client.remote.worker] com.alibaba.nacos.common.remote.client   : [89652fe8-5c9b-4e2a-82a5-2cfe911b22a7] Notify connected event to listeners.
15:36:19:937  INFO 28600 --- [com.alibaba.nacos.client.remote.worker] com.alibaba.nacos.common.remote.client   : [89652fe8-5c9b-4e2a-82a5-2cfe911b22a7] Server check success, currentServer is 192.168.107.128:8848 
15:36:22:046  INFO 28600 --- [nacos-grpc-client-executor-261] com.alibaba.nacos.common.remote.client   : [89652fe8-5c9b-4e2a-82a5-2cfe911b22a7] Receive server push request, request = NotifySubscriberRequest, requestId = 12
15:36:22:047  INFO 28600 --- [nacos-grpc-client-executor-261] com.alibaba.nacos.common.remote.client   : [89652fe8-5c9b-4e2a-82a5-2cfe911b22a7] Ack server push request, request = NotifySubscriberRequest, requestId = 12
15:36:41:210  INFO 28600 --- [http-nio-8085-exec-1] o.a.c.c.C.[Tomcat].[localhost].[/]       : Initializing Spring DispatcherServlet 'dispatcherServlet'
15:36:41:210  INFO 28600 --- [http-nio-8085-exec-1] o.s.web.servlet.DispatcherServlet        : Initializing Servlet 'dispatcherServlet'
15:36:41:230  INFO 28600 --- [http-nio-8085-exec-1] o.s.web.servlet.DispatcherServlet        : Completed initialization in 20 ms
15:37:00:816  INFO 28600 --- [http-nio-8085-exec-4] com.zaxxer.hikari.HikariDataSource       : HikariPool-1 - Starting...
15:37:01:528  INFO 28600 --- [http-nio-8085-exec-4] com.zaxxer.hikari.HikariDataSource       : HikariPool-1 - Start completed.
15:37:01:542 DEBUG 28600 --- [http-nio-8085-exec-4] c.h.trade.mapper.OrderMapper.selectById  : ==>  Preparing: SELECT id,total_fee,payment_type,user_id,status,create_time,pay_time,consign_time,end_time,close_time,comment_time,update_time FROM `order` WHERE id=?
15:37:01:589 DEBUG 28600 --- [http-nio-8085-exec-4] c.h.trade.mapper.OrderMapper.selectById  : ==> Parameters: 1654779387523936258(Long)
15:37:01:819 DEBUG 28600 --- [http-nio-8085-exec-4] c.h.trade.mapper.OrderMapper.selectById  : <==      Total: 1
15:59:16:539  WARN 28600 --- [Thread-4] c.a.nacos.common.notify.NotifyCenter     : [NotifyCenter] Start destroying Publisher
15:59:16:539  WARN 28600 --- [Thread-7] c.a.n.common.http.HttpClientBeanHolder   : [HttpClientBeanHolder] Start destroying common HttpClient
15:59:16:543  WARN 28600 --- [Thread-4] c.a.nacos.common.notify.NotifyCenter     : [NotifyCenter] Destruction of the end
15:59:16:546  WARN 28600 --- [Thread-7] c.a.n.common.http.HttpClientBeanHolder   : [HttpClientBeanHolder] Destruction of the end
15:59:17:039  INFO 28600 --- [SpringApplicationShutdownHook] c.a.c.n.registry.NacosServiceRegistry    : De-registering from Nacos Server now...
15:59:17:051  INFO 28600 --- [SpringApplicationShutdownHook] c.a.c.n.registry.NacosServiceRegistry    : De-registration finished.
15:59:17:378  INFO 28600 --- [SpringApplicationShutdownHook] com.alibaba.nacos.common.remote.client   : Shutdown rpc client, set status to shutdown
15:59:17:379  INFO 28600 --- [SpringApplicationShutdownHook] com.alibaba.nacos.common.remote.client   : Shutdown client event executor java.util.concurrent.ScheduledThreadPoolExecutor@26b4100a[Running, pool size = 2, active threads = 2, queued tasks = 0, completed tasks = 0]
15:59:17:379  INFO 28600 --- [SpringApplicationShutdownHook] com.alibaba.nacos.common.remote.client   : Close current connection 1697528177819_192.168.107.1_37958
15:59:17:382  INFO 28600 --- [nacos-grpc-client-executor-565] c.a.n.c.remote.client.grpc.GrpcClient    : [1697528177819_192.168.107.1_37958]Ignore complete event,isRunning:false,isAbandon=false
15:59:17:383  INFO 28600 --- [SpringApplicationShutdownHook] c.a.n.c.remote.client.grpc.GrpcClient    : Shutdown grpc executor java.util.concurrent.ThreadPoolExecutor@d975c9b[Running, pool size = 6, active threads = 1, queued tasks = 0, completed tasks = 565]
15:59:17:399  INFO 28600 --- [SpringApplicationShutdownHook] com.zaxxer.hikari.HikariDataSource       : HikariPool-1 - Shutdown initiated...
15:59:17:523  INFO 28600 --- [SpringApplicationShutdownHook] com.zaxxer.hikari.HikariDataSource       : HikariPool-1 - Shutdown completed.
