00:12:49:860  INFO 25160 --- [main] com.hmall.item.ItemApplication           : Starting ItemApplication using Java 11.0.20.1 on LAPTOP-AV2CUG49 with PID 25160 (E:\Project\Java\JavaStudy\SpringCloudDemo\hmall\item-service\target\classes started by 醒酒器 in E:\Project\Java\JavaStudy\SpringCloudDemo)
00:12:49:866 DEBUG 25160 --- [main] com.hmall.item.ItemApplication           : Running with Spring Boot v2.7.12, Spring v5.3.27
00:12:49:866  INFO 25160 --- [main] com.hmall.item.ItemApplication           : The following 1 profile is active: "local"
00:12:50:618  INFO 25160 --- [main] o.s.cloud.context.scope.GenericScope     : BeanFactory id=5e9bee20-566e-3312-9013-b264af276fc5
00:12:50:890  INFO 25160 --- [main] o.s.b.w.embedded.tomcat.TomcatWebServer  : Tomcat initialized with port(s): 8083 (http)
00:12:50:897  INFO 25160 --- [main] o.apache.catalina.core.StandardService   : Starting service [Tomcat]
00:12:50:898  INFO 25160 --- [main] org.apache.catalina.core.StandardEngine  : Starting Servlet engine: [Apache Tomcat/9.0.75]
00:12:51:030  INFO 25160 --- [main] o.a.c.c.C.[Tomcat].[localhost].[/]       : Initializing Spring embedded WebApplicationContext
00:12:51:030  INFO 25160 --- [main] w.s.c.ServletWebServerApplicationContext : Root WebApplicationContext: initialization completed in 1127 ms
00:12:55:076  INFO 25160 --- [main] pertySourcedRequestMappingHandlerMapping : Mapped URL path [/v2/api-docs] onto method [springfox.documentation.swagger2.web.Swagger2ControllerWebMvc#getDocumentation(String, HttpServletRequest)]
00:12:55:314  INFO 32708 --- [main] com.hmall.item.ItemApplication           : Starting ItemApplication using Java 11.0.20.1 on LAPTOP-AV2CUG49 with PID 32708 (E:\Project\Java\JavaStudy\SpringCloudDemo\hmall\item-service\target\classes started by 醒酒器 in E:\Project\Java\JavaStudy\SpringCloudDemo)
00:12:55:317 DEBUG 32708 --- [main] com.hmall.item.ItemApplication           : Running with Spring Boot v2.7.12, Spring v5.3.27
00:12:55:317  INFO 32708 --- [main] com.hmall.item.ItemApplication           : The following 1 profile is active: "local"
00:12:56:262  INFO 25160 --- [main] com.alibaba.nacos.common.remote.client   : [RpcClientFactory] create a new rpc client of 62d608af-e2db-456f-a3ed-d70d22b0397b
00:12:56:308  INFO 25160 --- [main] org.reflections.Reflections              : Reflections took 25 ms to scan 1 urls, producing 3 keys and 6 values 
00:12:56:336  INFO 25160 --- [main] org.reflections.Reflections              : Reflections took 11 ms to scan 1 urls, producing 4 keys and 9 values 
00:12:56:350  INFO 25160 --- [main] org.reflections.Reflections              : Reflections took 9 ms to scan 1 urls, producing 3 keys and 10 values 
00:12:56:354  WARN 25160 --- [main] org.reflections.Reflections              : given scan urls are empty. set urls in the configuration
00:12:56:362  INFO 25160 --- [main] org.reflections.Reflections              : Reflections took 8 ms to scan 1 urls, producing 1 keys and 5 values 
00:12:56:373  INFO 25160 --- [main] org.reflections.Reflections              : Reflections took 8 ms to scan 1 urls, producing 1 keys and 7 values 
00:12:56:383  INFO 25160 --- [main] org.reflections.Reflections              : Reflections took 7 ms to scan 1 urls, producing 2 keys and 8 values 
00:12:56:387  WARN 25160 --- [main] org.reflections.Reflections              : given scan urls are empty. set urls in the configuration
00:12:56:388  INFO 25160 --- [main] com.alibaba.nacos.common.remote.client   : [62d608af-e2db-456f-a3ed-d70d22b0397b] RpcClient init label, labels = {module=naming, source=sdk}
00:12:56:390  INFO 25160 --- [main] com.alibaba.nacos.common.remote.client   : [62d608af-e2db-456f-a3ed-d70d22b0397b] RpcClient init, ServerListFactory = com.alibaba.nacos.client.naming.core.ServerListManager
00:12:56:390  INFO 25160 --- [main] com.alibaba.nacos.common.remote.client   : [62d608af-e2db-456f-a3ed-d70d22b0397b] Registry connection listener to current client:com.alibaba.nacos.client.naming.remote.gprc.redo.NamingGrpcRedoService
00:12:56:391  INFO 25160 --- [main] com.alibaba.nacos.common.remote.client   : [62d608af-e2db-456f-a3ed-d70d22b0397b] Register server push request handler:com.alibaba.nacos.client.naming.remote.gprc.NamingPushRequestHandler
00:12:56:393  INFO 25160 --- [main] com.alibaba.nacos.common.remote.client   : [62d608af-e2db-456f-a3ed-d70d22b0397b] Try to connect to server on start up, server: {serverIp = '192.168.107.128', server main port = 8848}
00:12:56:509  INFO 32708 --- [main] o.s.cloud.context.scope.GenericScope     : BeanFactory id=5e9bee20-566e-3312-9013-b264af276fc5
00:12:56:852  INFO 32708 --- [main] o.s.b.w.embedded.tomcat.TomcatWebServer  : Tomcat initialized with port(s): 8081 (http)
00:12:56:860  INFO 32708 --- [main] o.apache.catalina.core.StandardService   : Starting service [Tomcat]
00:12:56:861  INFO 32708 --- [main] org.apache.catalina.core.StandardEngine  : Starting Servlet engine: [Apache Tomcat/9.0.75]
00:12:57:004  INFO 32708 --- [main] o.a.c.c.C.[Tomcat].[localhost].[/]       : Initializing Spring embedded WebApplicationContext
00:12:57:006  INFO 32708 --- [main] w.s.c.ServletWebServerApplicationContext : Root WebApplicationContext: initialization completed in 1642 ms
00:12:59:061  INFO 25160 --- [main] com.alibaba.nacos.common.remote.client   : [62d608af-e2db-456f-a3ed-d70d22b0397b] Success to connect to server [192.168.107.128:8848] on start up, connectionId = 1697472777339_192.168.107.1_28561
00:12:59:062  INFO 25160 --- [com.alibaba.nacos.client.remote.worker] com.alibaba.nacos.common.remote.client   : [62d608af-e2db-456f-a3ed-d70d22b0397b] Notify connected event to listeners.
00:12:59:063  INFO 25160 --- [main] com.alibaba.nacos.common.remote.client   : [62d608af-e2db-456f-a3ed-d70d22b0397b] Register server push request handler:com.alibaba.nacos.common.remote.client.RpcClient$ConnectResetRequestHandler
00:12:59:064  INFO 25160 --- [main] com.alibaba.nacos.common.remote.client   : [62d608af-e2db-456f-a3ed-d70d22b0397b] Register server push request handler:com.alibaba.nacos.common.remote.client.RpcClient$$Lambda$902/0x000000080067a040
00:12:59:127  INFO 25160 --- [main] o.s.b.w.embedded.tomcat.TomcatWebServer  : Tomcat started on port(s): 8083 (http) with context path ''
00:12:59:143  INFO 25160 --- [main] c.a.c.n.registry.NacosServiceRegistry    : nacos registry, DEFAULT_GROUP item-service 192.168.46.86:8083 register finished
00:12:59:623  INFO 25160 --- [nacos-grpc-client-executor-10] com.alibaba.nacos.common.remote.client   : [62d608af-e2db-456f-a3ed-d70d22b0397b] Receive server push request, request = NotifySubscriberRequest, requestId = 12
00:12:59:626  INFO 25160 --- [nacos-grpc-client-executor-10] com.alibaba.nacos.common.remote.client   : [62d608af-e2db-456f-a3ed-d70d22b0397b] Ack server push request, request = NotifySubscriberRequest, requestId = 12
00:12:59:810  INFO 25160 --- [main] d.s.w.p.DocumentationPluginsBootstrapper : Documentation plugins bootstrapped
00:12:59:813  INFO 25160 --- [main] d.s.w.p.DocumentationPluginsBootstrapper : Found 1 custom documentation plugin(s)
00:12:59:840  INFO 25160 --- [main] s.d.s.w.s.ApiListingReferenceScanner     : Scanning for api listing references
00:12:59:984  INFO 25160 --- [main] com.hmall.item.ItemApplication           : Started ItemApplication in 11.417 seconds (JVM running for 12.939)
00:13:00:112  INFO 32708 --- [main] pertySourcedRequestMappingHandlerMapping : Mapped URL path [/v2/api-docs] onto method [springfox.documentation.swagger2.web.Swagger2ControllerWebMvc#getDocumentation(String, HttpServletRequest)]
00:13:00:952  INFO 32708 --- [main] com.alibaba.nacos.common.remote.client   : [RpcClientFactory] create a new rpc client of 41798908-42c8-4fdc-afd6-5ed184145c2a
00:13:00:993  INFO 32708 --- [main] org.reflections.Reflections              : Reflections took 25 ms to scan 1 urls, producing 3 keys and 6 values 
00:13:01:022  INFO 32708 --- [main] org.reflections.Reflections              : Reflections took 13 ms to scan 1 urls, producing 4 keys and 9 values 
00:13:01:032  INFO 32708 --- [main] org.reflections.Reflections              : Reflections took 7 ms to scan 1 urls, producing 3 keys and 10 values 
00:13:01:035  WARN 32708 --- [main] org.reflections.Reflections              : given scan urls are empty. set urls in the configuration
00:13:01:044  INFO 32708 --- [main] org.reflections.Reflections              : Reflections took 8 ms to scan 1 urls, producing 1 keys and 5 values 
00:13:01:055  INFO 32708 --- [main] org.reflections.Reflections              : Reflections took 8 ms to scan 1 urls, producing 1 keys and 7 values 
00:13:01:070  INFO 32708 --- [main] org.reflections.Reflections              : Reflections took 11 ms to scan 1 urls, producing 2 keys and 8 values 
00:13:01:072  WARN 32708 --- [main] org.reflections.Reflections              : given scan urls are empty. set urls in the configuration
00:13:01:073  INFO 32708 --- [main] com.alibaba.nacos.common.remote.client   : [41798908-42c8-4fdc-afd6-5ed184145c2a] RpcClient init label, labels = {module=naming, source=sdk}
00:13:01:075  INFO 32708 --- [main] com.alibaba.nacos.common.remote.client   : [41798908-42c8-4fdc-afd6-5ed184145c2a] RpcClient init, ServerListFactory = com.alibaba.nacos.client.naming.core.ServerListManager
00:13:01:075  INFO 32708 --- [main] com.alibaba.nacos.common.remote.client   : [41798908-42c8-4fdc-afd6-5ed184145c2a] Registry connection listener to current client:com.alibaba.nacos.client.naming.remote.gprc.redo.NamingGrpcRedoService
00:13:01:076  INFO 32708 --- [main] com.alibaba.nacos.common.remote.client   : [41798908-42c8-4fdc-afd6-5ed184145c2a] Register server push request handler:com.alibaba.nacos.client.naming.remote.gprc.NamingPushRequestHandler
00:13:01:078  INFO 32708 --- [main] com.alibaba.nacos.common.remote.client   : [41798908-42c8-4fdc-afd6-5ed184145c2a] Try to connect to server on start up, server: {serverIp = '192.168.107.128', server main port = 8848}
00:13:03:001  INFO 32708 --- [main] com.alibaba.nacos.common.remote.client   : [41798908-42c8-4fdc-afd6-5ed184145c2a] Success to connect to server [192.168.107.128:8848] on start up, connectionId = 1697472781290_192.168.107.1_28618
00:13:03:003  INFO 32708 --- [com.alibaba.nacos.client.remote.worker] com.alibaba.nacos.common.remote.client   : [41798908-42c8-4fdc-afd6-5ed184145c2a] Notify connected event to listeners.
00:13:03:004  INFO 32708 --- [main] com.alibaba.nacos.common.remote.client   : [41798908-42c8-4fdc-afd6-5ed184145c2a] Register server push request handler:com.alibaba.nacos.common.remote.client.RpcClient$ConnectResetRequestHandler
00:13:03:005  INFO 32708 --- [main] com.alibaba.nacos.common.remote.client   : [41798908-42c8-4fdc-afd6-5ed184145c2a] Register server push request handler:com.alibaba.nacos.common.remote.client.RpcClient$$Lambda$902/0x0000000800672040
00:13:03:055  INFO 32708 --- [main] o.s.b.w.embedded.tomcat.TomcatWebServer  : Tomcat started on port(s): 8081 (http) with context path ''
00:13:03:065  INFO 32708 --- [main] c.a.c.n.registry.NacosServiceRegistry    : nacos registry, DEFAULT_GROUP item-service 192.168.46.86:8081 register finished
00:13:03:544  INFO 25160 --- [nacos-grpc-client-executor-13] com.alibaba.nacos.common.remote.client   : [62d608af-e2db-456f-a3ed-d70d22b0397b] Receive server push request, request = NotifySubscriberRequest, requestId = 14
00:13:03:549  INFO 25160 --- [nacos-grpc-client-executor-13] com.alibaba.nacos.common.remote.client   : [62d608af-e2db-456f-a3ed-d70d22b0397b] Ack server push request, request = NotifySubscriberRequest, requestId = 14
00:13:03:575  INFO 32708 --- [nacos-grpc-client-executor-10] com.alibaba.nacos.common.remote.client   : [41798908-42c8-4fdc-afd6-5ed184145c2a] Receive server push request, request = NotifySubscriberRequest, requestId = 15
00:13:03:578  INFO 32708 --- [nacos-grpc-client-executor-10] com.alibaba.nacos.common.remote.client   : [41798908-42c8-4fdc-afd6-5ed184145c2a] Ack server push request, request = NotifySubscriberRequest, requestId = 15
00:13:03:633  INFO 32708 --- [main] d.s.w.p.DocumentationPluginsBootstrapper : Documentation plugins bootstrapped
00:13:03:638  INFO 32708 --- [main] d.s.w.p.DocumentationPluginsBootstrapper : Found 1 custom documentation plugin(s)
00:13:03:702  INFO 32708 --- [main] s.d.s.w.s.ApiListingReferenceScanner     : Scanning for api listing references
00:13:03:842  INFO 32708 --- [main] com.hmall.item.ItemApplication           : Started ItemApplication in 10.002 seconds (JVM running for 11.55)
00:13:13:333  INFO 32708 --- [http-nio-8081-exec-1] o.a.c.c.C.[Tomcat].[localhost].[/]       : Initializing Spring DispatcherServlet 'dispatcherServlet'
00:13:13:333  INFO 32708 --- [http-nio-8081-exec-1] o.s.web.servlet.DispatcherServlet        : Initializing Servlet 'dispatcherServlet'
00:13:13:334  INFO 32708 --- [http-nio-8081-exec-1] o.s.web.servlet.DispatcherServlet        : Completed initialization in 1 ms
00:13:13:393  INFO 32708 --- [http-nio-8081-exec-1] com.zaxxer.hikari.HikariDataSource       : HikariPool-1 - Starting...
00:13:13:646  INFO 32708 --- [http-nio-8081-exec-1] com.zaxxer.hikari.HikariDataSource       : HikariPool-1 - Start completed.
00:13:13:650 DEBUG 32708 --- [http-nio-8081-exec-1] c.h.i.mapper.ItemMapper.selectBatchIds   : ==>  Preparing: SELECT id,name,price,stock,image,category,brand,spec,sold,comment_count,isAD,status,create_time,update_time,creater,updater FROM item WHERE id IN ( ? )
00:13:13:669 DEBUG 32708 --- [http-nio-8081-exec-1] c.h.i.mapper.ItemMapper.selectBatchIds   : ==> Parameters: 100000006163(Long)
00:13:13:701 DEBUG 32708 --- [http-nio-8081-exec-1] c.h.i.mapper.ItemMapper.selectBatchIds   : <==      Total: 1
00:17:45:289 DEBUG 32708 --- [http-nio-8081-exec-3] c.h.i.mapper.ItemMapper.selectBatchIds   : ==>  Preparing: SELECT id,name,price,stock,image,category,brand,spec,sold,comment_count,isAD,status,create_time,update_time,creater,updater FROM item WHERE id IN ( ? )
00:17:45:291 DEBUG 32708 --- [http-nio-8081-exec-3] c.h.i.mapper.ItemMapper.selectBatchIds   : ==> Parameters: 100000006163(Long)
00:17:45:295 DEBUG 32708 --- [http-nio-8081-exec-3] c.h.i.mapper.ItemMapper.selectBatchIds   : <==      Total: 1
00:20:15:082  WARN 25160 --- [Thread-7] c.a.n.common.http.HttpClientBeanHolder   : [HttpClientBeanHolder] Start destroying common HttpClient
00:20:15:082  WARN 25160 --- [Thread-4] c.a.nacos.common.notify.NotifyCenter     : [NotifyCenter] Start destroying Publisher
00:20:15:083  WARN 25160 --- [Thread-4] c.a.nacos.common.notify.NotifyCenter     : [NotifyCenter] Destruction of the end
00:20:15:084  WARN 25160 --- [Thread-7] c.a.n.common.http.HttpClientBeanHolder   : [HttpClientBeanHolder] Destruction of the end
00:20:15:536  INFO 25160 --- [SpringApplicationShutdownHook] c.a.c.n.registry.NacosServiceRegistry    : De-registering from Nacos Server now...
00:20:15:545  INFO 25160 --- [SpringApplicationShutdownHook] c.a.c.n.registry.NacosServiceRegistry    : De-registration finished.
00:20:15:870  INFO 25160 --- [SpringApplicationShutdownHook] com.alibaba.nacos.common.remote.client   : Shutdown rpc client, set status to shutdown
00:20:15:872  INFO 25160 --- [SpringApplicationShutdownHook] com.alibaba.nacos.common.remote.client   : Shutdown client event executor java.util.concurrent.ScheduledThreadPoolExecutor@3126d315[Running, pool size = 2, active threads = 2, queued tasks = 0, completed tasks = 0]
00:20:15:872  INFO 25160 --- [SpringApplicationShutdownHook] com.alibaba.nacos.common.remote.client   : Close current connection 1697472777339_192.168.107.1_28561
00:20:15:874  INFO 25160 --- [nacos-grpc-client-executor-120] c.a.n.c.remote.client.grpc.GrpcClient    : [1697472777339_192.168.107.1_28561]Ignore complete event,isRunning:false,isAbandon=false
00:20:15:878  INFO 25160 --- [SpringApplicationShutdownHook] c.a.n.c.remote.client.grpc.GrpcClient    : Shutdown grpc executor java.util.concurrent.ThreadPoolExecutor@793ce2b1[Running, pool size = 6, active threads = 0, queued tasks = 0, completed tasks = 121]
00:20:16:093  INFO 32708 --- [nacos-grpc-client-executor-123] com.alibaba.nacos.common.remote.client   : [41798908-42c8-4fdc-afd6-5ed184145c2a] Receive server push request, request = NotifySubscriberRequest, requestId = 18
00:20:16:096  INFO 32708 --- [nacos-grpc-client-executor-123] com.alibaba.nacos.common.remote.client   : [41798908-42c8-4fdc-afd6-5ed184145c2a] Ack server push request, request = NotifySubscriberRequest, requestId = 18
00:20:16:467  WARN 32708 --- [Thread-4] c.a.nacos.common.notify.NotifyCenter     : [NotifyCenter] Start destroying Publisher
00:20:16:467  WARN 32708 --- [Thread-7] c.a.n.common.http.HttpClientBeanHolder   : [HttpClientBeanHolder] Start destroying common HttpClient
00:20:16:467  WARN 32708 --- [Thread-4] c.a.nacos.common.notify.NotifyCenter     : [NotifyCenter] Destruction of the end
00:20:16:467  WARN 32708 --- [Thread-7] c.a.n.common.http.HttpClientBeanHolder   : [HttpClientBeanHolder] Destruction of the end
00:20:16:874  INFO 32708 --- [SpringApplicationShutdownHook] c.a.c.n.registry.NacosServiceRegistry    : De-registering from Nacos Server now...
00:20:16:880  INFO 32708 --- [SpringApplicationShutdownHook] c.a.c.n.registry.NacosServiceRegistry    : De-registration finished.
00:20:17:207  INFO 32708 --- [SpringApplicationShutdownHook] com.alibaba.nacos.common.remote.client   : Shutdown rpc client, set status to shutdown
00:20:17:207  INFO 32708 --- [SpringApplicationShutdownHook] com.alibaba.nacos.common.remote.client   : Shutdown client event executor java.util.concurrent.ScheduledThreadPoolExecutor@36550141[Running, pool size = 2, active threads = 2, queued tasks = 0, completed tasks = 0]
00:20:17:207  INFO 32708 --- [SpringApplicationShutdownHook] com.alibaba.nacos.common.remote.client   : Close current connection 1697472781290_192.168.107.1_28618
00:20:17:210  INFO 32708 --- [nacos-grpc-client-executor-126] c.a.n.c.remote.client.grpc.GrpcClient    : [1697472781290_192.168.107.1_28618]Ignore complete event,isRunning:false,isAbandon=false
00:20:17:213  INFO 32708 --- [SpringApplicationShutdownHook] c.a.n.c.remote.client.grpc.GrpcClient    : Shutdown grpc executor java.util.concurrent.ThreadPoolExecutor@7795f56e[Running, pool size = 5, active threads = 0, queued tasks = 0, completed tasks = 127]
00:20:17:218  INFO 32708 --- [SpringApplicationShutdownHook] com.zaxxer.hikari.HikariDataSource       : HikariPool-1 - Shutdown initiated...
00:20:17:238  INFO 32708 --- [SpringApplicationShutdownHook] com.zaxxer.hikari.HikariDataSource       : HikariPool-1 - Shutdown completed.
13:38:25:362  INFO 29744 --- [main] com.hmall.item.ItemApplication           : Starting ItemApplication using Java 11.0.20.1 on LAPTOP-AV2CUG49 with PID 29744 (E:\Project\Java\JavaStudy\SpringCloudDemo\hmall\item-service\target\classes started by 醒酒器 in E:\Project\Java\JavaStudy\SpringCloudDemo)
13:38:25:368 DEBUG 29744 --- [main] com.hmall.item.ItemApplication           : Running with Spring Boot v2.7.12, Spring v5.3.27
13:38:25:369  INFO 29744 --- [main] com.hmall.item.ItemApplication           : The following 1 profile is active: "local"
13:38:26:744  INFO 29744 --- [main] o.s.cloud.context.scope.GenericScope     : BeanFactory id=5e9bee20-566e-3312-9013-b264af276fc5
13:38:27:424  INFO 29744 --- [main] o.s.b.w.embedded.tomcat.TomcatWebServer  : Tomcat initialized with port(s): 8081 (http)
13:38:27:438  INFO 29744 --- [main] o.apache.catalina.core.StandardService   : Starting service [Tomcat]
13:38:27:439  INFO 29744 --- [main] org.apache.catalina.core.StandardEngine  : Starting Servlet engine: [Apache Tomcat/9.0.75]
13:38:27:641  INFO 29744 --- [main] o.a.c.c.C.[Tomcat].[localhost].[/]       : Initializing Spring embedded WebApplicationContext
13:38:27:641  INFO 29744 --- [main] w.s.c.ServletWebServerApplicationContext : Root WebApplicationContext: initialization completed in 2208 ms
13:38:28:657  INFO 30588 --- [main] com.hmall.item.ItemApplication           : Starting ItemApplication using Java 11.0.20.1 on LAPTOP-AV2CUG49 with PID 30588 (E:\Project\Java\JavaStudy\SpringCloudDemo\hmall\item-service\target\classes started by 醒酒器 in E:\Project\Java\JavaStudy\SpringCloudDemo)
13:38:28:660 DEBUG 30588 --- [main] com.hmall.item.ItemApplication           : Running with Spring Boot v2.7.12, Spring v5.3.27
13:38:28:661  INFO 30588 --- [main] com.hmall.item.ItemApplication           : The following 1 profile is active: "local"
13:38:29:698  INFO 30588 --- [main] o.s.cloud.context.scope.GenericScope     : BeanFactory id=5e9bee20-566e-3312-9013-b264af276fc5
13:38:30:020  INFO 30588 --- [main] o.s.b.w.embedded.tomcat.TomcatWebServer  : Tomcat initialized with port(s): 8083 (http)
13:38:30:028  INFO 30588 --- [main] o.apache.catalina.core.StandardService   : Starting service [Tomcat]
13:38:30:028  INFO 30588 --- [main] org.apache.catalina.core.StandardEngine  : Starting Servlet engine: [Apache Tomcat/9.0.75]
13:38:30:151  INFO 30588 --- [main] o.a.c.c.C.[Tomcat].[localhost].[/]       : Initializing Spring embedded WebApplicationContext
13:38:30:151  INFO 30588 --- [main] w.s.c.ServletWebServerApplicationContext : Root WebApplicationContext: initialization completed in 1440 ms
13:38:31:098  INFO 29744 --- [main] pertySourcedRequestMappingHandlerMapping : Mapped URL path [/v2/api-docs] onto method [springfox.documentation.swagger2.web.Swagger2ControllerWebMvc#getDocumentation(String, HttpServletRequest)]
13:38:31:941  INFO 29744 --- [main] com.alibaba.nacos.common.remote.client   : [RpcClientFactory] create a new rpc client of 69a75adf-5a64-41d1-b7fb-cc44f35c8cb3
13:38:31:975  INFO 29744 --- [main] org.reflections.Reflections              : Reflections took 18 ms to scan 1 urls, producing 3 keys and 6 values 
13:38:31:995  INFO 29744 --- [main] org.reflections.Reflections              : Reflections took 7 ms to scan 1 urls, producing 4 keys and 9 values 
13:38:32:005  INFO 29744 --- [main] org.reflections.Reflections              : Reflections took 6 ms to scan 1 urls, producing 3 keys and 10 values 
13:38:32:008  WARN 29744 --- [main] org.reflections.Reflections              : given scan urls are empty. set urls in the configuration
13:38:32:014  INFO 29744 --- [main] org.reflections.Reflections              : Reflections took 6 ms to scan 1 urls, producing 1 keys and 5 values 
13:38:32:022  INFO 29744 --- [main] org.reflections.Reflections              : Reflections took 6 ms to scan 1 urls, producing 1 keys and 7 values 
13:38:32:032  INFO 29744 --- [main] org.reflections.Reflections              : Reflections took 6 ms to scan 1 urls, producing 2 keys and 8 values 
13:38:32:034  WARN 29744 --- [main] org.reflections.Reflections              : given scan urls are empty. set urls in the configuration
13:38:32:034  INFO 29744 --- [main] com.alibaba.nacos.common.remote.client   : [69a75adf-5a64-41d1-b7fb-cc44f35c8cb3] RpcClient init label, labels = {module=naming, source=sdk}
13:38:32:037  INFO 29744 --- [main] com.alibaba.nacos.common.remote.client   : [69a75adf-5a64-41d1-b7fb-cc44f35c8cb3] RpcClient init, ServerListFactory = com.alibaba.nacos.client.naming.core.ServerListManager
13:38:32:037  INFO 29744 --- [main] com.alibaba.nacos.common.remote.client   : [69a75adf-5a64-41d1-b7fb-cc44f35c8cb3] Registry connection listener to current client:com.alibaba.nacos.client.naming.remote.gprc.redo.NamingGrpcRedoService
13:38:32:037  INFO 29744 --- [main] com.alibaba.nacos.common.remote.client   : [69a75adf-5a64-41d1-b7fb-cc44f35c8cb3] Register server push request handler:com.alibaba.nacos.client.naming.remote.gprc.NamingPushRequestHandler
13:38:32:039  INFO 29744 --- [main] com.alibaba.nacos.common.remote.client   : [69a75adf-5a64-41d1-b7fb-cc44f35c8cb3] Try to connect to server on start up, server: {serverIp = '192.168.107.128', server main port = 8848}
13:38:33:253  INFO 30588 --- [main] pertySourcedRequestMappingHandlerMapping : Mapped URL path [/v2/api-docs] onto method [springfox.documentation.swagger2.web.Swagger2ControllerWebMvc#getDocumentation(String, HttpServletRequest)]
13:38:34:115  INFO 30588 --- [main] com.alibaba.nacos.common.remote.client   : [RpcClientFactory] create a new rpc client of 3cf62ecb-10dc-406b-950e-9768caf80c5e
13:38:34:153  INFO 30588 --- [main] org.reflections.Reflections              : Reflections took 22 ms to scan 1 urls, producing 3 keys and 6 values 
13:38:34:176  INFO 30588 --- [main] org.reflections.Reflections              : Reflections took 8 ms to scan 1 urls, producing 4 keys and 9 values 
13:38:34:187  INFO 30588 --- [main] org.reflections.Reflections              : Reflections took 8 ms to scan 1 urls, producing 3 keys and 10 values 
13:38:34:190  WARN 30588 --- [main] org.reflections.Reflections              : given scan urls are empty. set urls in the configuration
13:38:34:197  INFO 30588 --- [main] org.reflections.Reflections              : Reflections took 6 ms to scan 1 urls, producing 1 keys and 5 values 
13:38:34:207  INFO 30588 --- [main] org.reflections.Reflections              : Reflections took 7 ms to scan 1 urls, producing 1 keys and 7 values 
13:38:34:216  INFO 30588 --- [main] org.reflections.Reflections              : Reflections took 8 ms to scan 1 urls, producing 2 keys and 8 values 
13:38:34:218  WARN 30588 --- [main] org.reflections.Reflections              : given scan urls are empty. set urls in the configuration
13:38:34:218  INFO 30588 --- [main] com.alibaba.nacos.common.remote.client   : [3cf62ecb-10dc-406b-950e-9768caf80c5e] RpcClient init label, labels = {module=naming, source=sdk}
13:38:34:221  INFO 30588 --- [main] com.alibaba.nacos.common.remote.client   : [3cf62ecb-10dc-406b-950e-9768caf80c5e] RpcClient init, ServerListFactory = com.alibaba.nacos.client.naming.core.ServerListManager
13:38:34:221  INFO 30588 --- [main] com.alibaba.nacos.common.remote.client   : [3cf62ecb-10dc-406b-950e-9768caf80c5e] Registry connection listener to current client:com.alibaba.nacos.client.naming.remote.gprc.redo.NamingGrpcRedoService
13:38:34:221  INFO 30588 --- [main] com.alibaba.nacos.common.remote.client   : [3cf62ecb-10dc-406b-950e-9768caf80c5e] Register server push request handler:com.alibaba.nacos.client.naming.remote.gprc.NamingPushRequestHandler
13:38:34:223  INFO 30588 --- [main] com.alibaba.nacos.common.remote.client   : [3cf62ecb-10dc-406b-950e-9768caf80c5e] Try to connect to server on start up, server: {serverIp = '192.168.107.128', server main port = 8848}
13:38:34:303  INFO 29744 --- [main] com.alibaba.nacos.common.remote.client   : [69a75adf-5a64-41d1-b7fb-cc44f35c8cb3] Success to connect to server [192.168.107.128:8848] on start up, connectionId = 1697521112415_192.168.107.1_24722
13:38:34:304  INFO 29744 --- [com.alibaba.nacos.client.remote.worker] com.alibaba.nacos.common.remote.client   : [69a75adf-5a64-41d1-b7fb-cc44f35c8cb3] Notify connected event to listeners.
13:38:34:305  INFO 29744 --- [main] com.alibaba.nacos.common.remote.client   : [69a75adf-5a64-41d1-b7fb-cc44f35c8cb3] Register server push request handler:com.alibaba.nacos.common.remote.client.RpcClient$ConnectResetRequestHandler
13:38:34:305  INFO 29744 --- [main] com.alibaba.nacos.common.remote.client   : [69a75adf-5a64-41d1-b7fb-cc44f35c8cb3] Register server push request handler:com.alibaba.nacos.common.remote.client.RpcClient$$Lambda$902/0x0000000800673840
13:38:34:379  INFO 29744 --- [main] o.s.b.w.embedded.tomcat.TomcatWebServer  : Tomcat started on port(s): 8081 (http) with context path ''
13:38:34:418  INFO 29744 --- [main] c.a.c.n.registry.NacosServiceRegistry    : nacos registry, DEFAULT_GROUP item-service 192.168.66.86:8081 register finished
13:38:34:878  INFO 29744 --- [nacos-grpc-client-executor-11] com.alibaba.nacos.common.remote.client   : [69a75adf-5a64-41d1-b7fb-cc44f35c8cb3] Receive server push request, request = NotifySubscriberRequest, requestId = 3
13:38:34:883  INFO 29744 --- [nacos-grpc-client-executor-11] com.alibaba.nacos.common.remote.client   : [69a75adf-5a64-41d1-b7fb-cc44f35c8cb3] Ack server push request, request = NotifySubscriberRequest, requestId = 3
13:38:35:175  INFO 29744 --- [main] d.s.w.p.DocumentationPluginsBootstrapper : Documentation plugins bootstrapped
13:38:35:178  INFO 29744 --- [main] d.s.w.p.DocumentationPluginsBootstrapper : Found 1 custom documentation plugin(s)
13:38:35:225  INFO 29744 --- [main] s.d.s.w.s.ApiListingReferenceScanner     : Scanning for api listing references
13:38:35:342  INFO 29744 --- [main] com.hmall.item.ItemApplication           : Started ItemApplication in 11.862 seconds (JVM running for 13.263)
13:38:36:486  INFO 30588 --- [main] com.alibaba.nacos.common.remote.client   : [3cf62ecb-10dc-406b-950e-9768caf80c5e] Success to connect to server [192.168.107.128:8848] on start up, connectionId = 1697521114594_192.168.107.1_24775
13:38:36:487  INFO 30588 --- [com.alibaba.nacos.client.remote.worker] com.alibaba.nacos.common.remote.client   : [3cf62ecb-10dc-406b-950e-9768caf80c5e] Notify connected event to listeners.
13:38:36:487  INFO 30588 --- [main] com.alibaba.nacos.common.remote.client   : [3cf62ecb-10dc-406b-950e-9768caf80c5e] Register server push request handler:com.alibaba.nacos.common.remote.client.RpcClient$ConnectResetRequestHandler
13:38:36:488  INFO 30588 --- [main] com.alibaba.nacos.common.remote.client   : [3cf62ecb-10dc-406b-950e-9768caf80c5e] Register server push request handler:com.alibaba.nacos.common.remote.client.RpcClient$$Lambda$902/0x0000000800672040
13:38:36:541  INFO 30588 --- [main] o.s.b.w.embedded.tomcat.TomcatWebServer  : Tomcat started on port(s): 8083 (http) with context path ''
13:38:36:556  INFO 30588 --- [main] c.a.c.n.registry.NacosServiceRegistry    : nacos registry, DEFAULT_GROUP item-service 192.168.66.86:8083 register finished
13:38:37:065  INFO 29744 --- [nacos-grpc-client-executor-13] com.alibaba.nacos.common.remote.client   : [69a75adf-5a64-41d1-b7fb-cc44f35c8cb3] Receive server push request, request = NotifySubscriberRequest, requestId = 4
13:38:37:067  INFO 29744 --- [nacos-grpc-client-executor-13] com.alibaba.nacos.common.remote.client   : [69a75adf-5a64-41d1-b7fb-cc44f35c8cb3] Ack server push request, request = NotifySubscriberRequest, requestId = 4
13:38:37:081  INFO 30588 --- [nacos-grpc-client-executor-9] com.alibaba.nacos.common.remote.client   : [3cf62ecb-10dc-406b-950e-9768caf80c5e] Receive server push request, request = NotifySubscriberRequest, requestId = 5
13:38:37:083  INFO 30588 --- [nacos-grpc-client-executor-9] com.alibaba.nacos.common.remote.client   : [3cf62ecb-10dc-406b-950e-9768caf80c5e] Ack server push request, request = NotifySubscriberRequest, requestId = 5
13:38:37:101  INFO 30588 --- [main] d.s.w.p.DocumentationPluginsBootstrapper : Documentation plugins bootstrapped
13:38:37:104  INFO 30588 --- [main] d.s.w.p.DocumentationPluginsBootstrapper : Found 1 custom documentation plugin(s)
13:38:37:143  INFO 30588 --- [main] s.d.s.w.s.ApiListingReferenceScanner     : Scanning for api listing references
13:38:37:237  INFO 30588 --- [main] com.hmall.item.ItemApplication           : Started ItemApplication in 10.155 seconds (JVM running for 12.134)
13:47:11:404  INFO 29744 --- [com.alibaba.nacos.client.remote.worker] com.alibaba.nacos.common.remote.client   : [69a75adf-5a64-41d1-b7fb-cc44f35c8cb3] Server healthy check fail, currentConnection = 1697521112415_192.168.107.1_24722
13:47:11:405  INFO 29744 --- [com.alibaba.nacos.client.remote.worker] com.alibaba.nacos.common.remote.client   : [69a75adf-5a64-41d1-b7fb-cc44f35c8cb3] Try to reconnect to a new server, server is  not appointed, will choose a random server.
13:47:11:776  INFO 29744 --- [com.alibaba.nacos.client.remote.worker] com.alibaba.nacos.common.remote.client   : [69a75adf-5a64-41d1-b7fb-cc44f35c8cb3] Success to connect a server [192.168.107.128:8848], connectionId = 1697521629882_192.168.107.1_24998
13:47:11:776  INFO 29744 --- [com.alibaba.nacos.client.remote.worker] com.alibaba.nacos.common.remote.client   : [69a75adf-5a64-41d1-b7fb-cc44f35c8cb3] Abandon prev connection, server is 192.168.107.128:8848, connectionId is 1697521112415_192.168.107.1_24722
13:47:11:776  INFO 29744 --- [com.alibaba.nacos.client.remote.worker] com.alibaba.nacos.common.remote.client   : Close current connection 1697521112415_192.168.107.1_24722
13:47:11:781  INFO 29744 --- [com.alibaba.nacos.client.remote.worker] com.alibaba.nacos.common.remote.client   : [69a75adf-5a64-41d1-b7fb-cc44f35c8cb3] Notify disconnected event to listeners
13:47:11:783  INFO 29744 --- [com.alibaba.nacos.client.remote.worker] com.alibaba.nacos.common.remote.client   : [69a75adf-5a64-41d1-b7fb-cc44f35c8cb3] Notify connected event to listeners.
13:47:11:784  WARN 29744 --- [nacos-grpc-client-executor-132] c.a.n.c.remote.client.grpc.GrpcClient    : [1697521112415_192.168.107.1_24722]Ignore error event,isRunning:true,isAbandon=true
13:47:14:481  INFO 30588 --- [nacos-grpc-client-executor-129] com.alibaba.nacos.common.remote.client   : [3cf62ecb-10dc-406b-950e-9768caf80c5e] Receive server push request, request = NotifySubscriberRequest, requestId = 6
13:47:14:481  INFO 29744 --- [nacos-grpc-client-executor-136] com.alibaba.nacos.common.remote.client   : [69a75adf-5a64-41d1-b7fb-cc44f35c8cb3] Receive server push request, request = NotifySubscriberRequest, requestId = 7
13:47:14:481  INFO 30588 --- [nacos-grpc-client-executor-129] com.alibaba.nacos.common.remote.client   : [3cf62ecb-10dc-406b-950e-9768caf80c5e] Ack server push request, request = NotifySubscriberRequest, requestId = 6
13:47:14:481  INFO 29744 --- [nacos-grpc-client-executor-136] com.alibaba.nacos.common.remote.client   : [69a75adf-5a64-41d1-b7fb-cc44f35c8cb3] Ack server push request, request = NotifySubscriberRequest, requestId = 7
14:53:07:747  INFO 29744 --- [http-nio-8081-exec-1] o.a.c.c.C.[Tomcat].[localhost].[/]       : Initializing Spring DispatcherServlet 'dispatcherServlet'
14:53:07:750  INFO 29744 --- [http-nio-8081-exec-1] o.s.web.servlet.DispatcherServlet        : Initializing Servlet 'dispatcherServlet'
14:53:07:788  INFO 29744 --- [http-nio-8081-exec-1] o.s.web.servlet.DispatcherServlet        : Completed initialization in 38 ms
15:14:58:555  WARN 29744 --- [Thread-7] c.a.n.common.http.HttpClientBeanHolder   : [HttpClientBeanHolder] Start destroying common HttpClient
15:14:58:555  WARN 29744 --- [Thread-4] c.a.nacos.common.notify.NotifyCenter     : [NotifyCenter] Start destroying Publisher
15:14:58:575  WARN 29744 --- [Thread-4] c.a.nacos.common.notify.NotifyCenter     : [NotifyCenter] Destruction of the end
15:14:58:580  WARN 29744 --- [Thread-7] c.a.n.common.http.HttpClientBeanHolder   : [HttpClientBeanHolder] Destruction of the end
15:14:59:731  INFO 29744 --- [SpringApplicationShutdownHook] c.a.c.n.registry.NacosServiceRegistry    : De-registering from Nacos Server now...
15:14:59:745  INFO 29744 --- [SpringApplicationShutdownHook] c.a.c.n.registry.NacosServiceRegistry    : De-registration finished.
15:15:00:091  INFO 29744 --- [SpringApplicationShutdownHook] com.alibaba.nacos.common.remote.client   : Shutdown rpc client, set status to shutdown
15:15:00:093  INFO 29744 --- [SpringApplicationShutdownHook] com.alibaba.nacos.common.remote.client   : Shutdown client event executor java.util.concurrent.ScheduledThreadPoolExecutor@34099020[Running, pool size = 2, active threads = 2, queued tasks = 0, completed tasks = 0]
15:15:00:094  INFO 29744 --- [SpringApplicationShutdownHook] com.alibaba.nacos.common.remote.client   : Close current connection 1697521629882_192.168.107.1_24998
15:15:00:101  INFO 29744 --- [nacos-grpc-client-executor-1265] c.a.n.c.remote.client.grpc.GrpcClient    : [1697521629882_192.168.107.1_24998]Ignore complete event,isRunning:false,isAbandon=false
15:15:00:109  INFO 29744 --- [SpringApplicationShutdownHook] c.a.n.c.remote.client.grpc.GrpcClient    : Shutdown grpc executor java.util.concurrent.ThreadPoolExecutor@a0410e8[Running, pool size = 5, active threads = 0, queued tasks = 0, completed tasks = 1266]
15:15:00:315  INFO 30588 --- [nacos-grpc-client-executor-1255] com.alibaba.nacos.common.remote.client   : [3cf62ecb-10dc-406b-950e-9768caf80c5e] Receive server push request, request = NotifySubscriberRequest, requestId = 10
15:15:00:364  INFO 30588 --- [nacos-grpc-client-executor-1255] com.alibaba.nacos.common.remote.client   : [3cf62ecb-10dc-406b-950e-9768caf80c5e] Ack server push request, request = NotifySubscriberRequest, requestId = 10
15:15:00:830  WARN 30588 --- [Thread-4] c.a.nacos.common.notify.NotifyCenter     : [NotifyCenter] Start destroying Publisher
15:15:00:831  WARN 30588 --- [Thread-7] c.a.n.common.http.HttpClientBeanHolder   : [HttpClientBeanHolder] Start destroying common HttpClient
15:15:00:832  WARN 30588 --- [Thread-4] c.a.nacos.common.notify.NotifyCenter     : [NotifyCenter] Destruction of the end
15:15:00:846  WARN 30588 --- [Thread-7] c.a.n.common.http.HttpClientBeanHolder   : [HttpClientBeanHolder] Destruction of the end
15:15:02:257  INFO 30588 --- [SpringApplicationShutdownHook] c.a.c.n.registry.NacosServiceRegistry    : De-registering from Nacos Server now...
15:15:02:268  INFO 30588 --- [SpringApplicationShutdownHook] c.a.c.n.registry.NacosServiceRegistry    : De-registration finished.
15:15:02:603  INFO 30588 --- [SpringApplicationShutdownHook] com.alibaba.nacos.common.remote.client   : Shutdown rpc client, set status to shutdown
15:15:02:605  INFO 30588 --- [SpringApplicationShutdownHook] com.alibaba.nacos.common.remote.client   : Shutdown client event executor java.util.concurrent.ScheduledThreadPoolExecutor@5428c29d[Running, pool size = 2, active threads = 2, queued tasks = 0, completed tasks = 0]
15:15:02:606  INFO 30588 --- [SpringApplicationShutdownHook] com.alibaba.nacos.common.remote.client   : Close current connection 1697521114594_192.168.107.1_24775
15:15:02:610  INFO 30588 --- [nacos-grpc-client-executor-1258] c.a.n.c.remote.client.grpc.GrpcClient    : [1697521114594_192.168.107.1_24775]Ignore complete event,isRunning:false,isAbandon=false
15:15:02:637  INFO 30588 --- [SpringApplicationShutdownHook] c.a.n.c.remote.client.grpc.GrpcClient    : Shutdown grpc executor java.util.concurrent.ThreadPoolExecutor@4a7b707a[Running, pool size = 6, active threads = 0, queued tasks = 0, completed tasks = 1259]
16:03:31:428  INFO 26964 --- [main] com.hmall.item.ItemApplication           : Starting ItemApplication using Java 11.0.20.1 on LAPTOP-AV2CUG49 with PID 26964 (E:\Project\Java\JavaStudy\SpringCloudDemo\hmall\item-service\target\classes started by 醒酒器 in E:\Project\Java\JavaStudy\SpringCloudDemo)
16:03:31:431 DEBUG 26964 --- [main] com.hmall.item.ItemApplication           : Running with Spring Boot v2.7.12, Spring v5.3.27
16:03:31:431  INFO 26964 --- [main] com.hmall.item.ItemApplication           : The following 1 profile is active: "local"
16:03:32:314  INFO 26964 --- [main] o.s.cloud.context.scope.GenericScope     : BeanFactory id=4bfc9de9-e038-3558-935b-3c76900ae4be
16:03:32:610  INFO 26964 --- [main] o.s.b.w.embedded.tomcat.TomcatWebServer  : Tomcat initialized with port(s): 8083 (http)
16:03:32:617  INFO 26964 --- [main] o.apache.catalina.core.StandardService   : Starting service [Tomcat]
16:03:32:617  INFO 26964 --- [main] org.apache.catalina.core.StandardEngine  : Starting Servlet engine: [Apache Tomcat/9.0.75]
16:03:32:751  INFO 26964 --- [main] o.a.c.c.C.[Tomcat].[localhost].[/]       : Initializing Spring embedded WebApplicationContext
16:03:32:751  INFO 26964 --- [main] w.s.c.ServletWebServerApplicationContext : Root WebApplicationContext: initialization completed in 1282 ms
16:03:35:566  INFO 26964 --- [main] pertySourcedRequestMappingHandlerMapping : Mapped URL path [/v2/api-docs] onto method [springfox.documentation.swagger2.web.Swagger2ControllerWebMvc#getDocumentation(String, HttpServletRequest)]
16:03:36:349  INFO 26964 --- [main] com.alibaba.nacos.common.remote.client   : [RpcClientFactory] create a new rpc client of 6624119f-7cff-47c0-be82-12a0d3330363
16:03:36:400  INFO 26964 --- [main] org.reflections.Reflections              : Reflections took 24 ms to scan 1 urls, producing 3 keys and 6 values 
16:03:36:429  INFO 26964 --- [main] org.reflections.Reflections              : Reflections took 9 ms to scan 1 urls, producing 4 keys and 9 values 
16:03:36:442  INFO 26964 --- [main] org.reflections.Reflections              : Reflections took 10 ms to scan 1 urls, producing 3 keys and 10 values 
16:03:36:446  WARN 26964 --- [main] org.reflections.Reflections              : given scan urls are empty. set urls in the configuration
16:03:36:456  INFO 26964 --- [main] org.reflections.Reflections              : Reflections took 9 ms to scan 1 urls, producing 1 keys and 5 values 
16:03:36:480  INFO 26964 --- [main] org.reflections.Reflections              : Reflections took 21 ms to scan 1 urls, producing 1 keys and 7 values 
16:03:36:494  INFO 26964 --- [main] org.reflections.Reflections              : Reflections took 9 ms to scan 1 urls, producing 2 keys and 8 values 
16:03:36:497  WARN 26964 --- [main] org.reflections.Reflections              : given scan urls are empty. set urls in the configuration
16:03:36:498  INFO 26964 --- [main] com.alibaba.nacos.common.remote.client   : [6624119f-7cff-47c0-be82-12a0d3330363] RpcClient init label, labels = {module=naming, source=sdk}
16:03:36:500  INFO 26964 --- [main] com.alibaba.nacos.common.remote.client   : [6624119f-7cff-47c0-be82-12a0d3330363] RpcClient init, ServerListFactory = com.alibaba.nacos.client.naming.core.ServerListManager
16:03:36:501  INFO 26964 --- [main] com.alibaba.nacos.common.remote.client   : [6624119f-7cff-47c0-be82-12a0d3330363] Registry connection listener to current client:com.alibaba.nacos.client.naming.remote.gprc.redo.NamingGrpcRedoService
16:03:36:501  INFO 26964 --- [main] com.alibaba.nacos.common.remote.client   : [6624119f-7cff-47c0-be82-12a0d3330363] Register server push request handler:com.alibaba.nacos.client.naming.remote.gprc.NamingPushRequestHandler
16:03:36:503  INFO 26964 --- [main] com.alibaba.nacos.common.remote.client   : [6624119f-7cff-47c0-be82-12a0d3330363] Try to connect to server on start up, server: {serverIp = '192.168.107.128', server main port = 8848}
16:03:39:364  INFO 26964 --- [main] com.alibaba.nacos.common.remote.client   : [6624119f-7cff-47c0-be82-12a0d3330363] Success to connect to server [192.168.107.128:8848] on start up, connectionId = 1697529817274_192.168.107.1_42601
16:03:39:366  INFO 26964 --- [com.alibaba.nacos.client.remote.worker] com.alibaba.nacos.common.remote.client   : [6624119f-7cff-47c0-be82-12a0d3330363] Notify connected event to listeners.
16:03:39:368  INFO 26964 --- [main] com.alibaba.nacos.common.remote.client   : [6624119f-7cff-47c0-be82-12a0d3330363] Register server push request handler:com.alibaba.nacos.common.remote.client.RpcClient$ConnectResetRequestHandler
16:03:39:369  INFO 26964 --- [main] com.alibaba.nacos.common.remote.client   : [6624119f-7cff-47c0-be82-12a0d3330363] Register server push request handler:com.alibaba.nacos.common.remote.client.RpcClient$$Lambda$936/0x00000008007a8440
16:03:39:492  INFO 26964 --- [main] o.s.b.w.embedded.tomcat.TomcatWebServer  : Tomcat started on port(s): 8083 (http) with context path ''
16:03:39:514  INFO 26964 --- [main] c.a.c.n.registry.NacosServiceRegistry    : nacos registry, DEFAULT_GROUP item-service 192.168.66.86:8083 register finished
16:03:39:933  INFO 26964 --- [nacos-grpc-client-executor-10] com.alibaba.nacos.common.remote.client   : [6624119f-7cff-47c0-be82-12a0d3330363] Receive server push request, request = NotifySubscriberRequest, requestId = 16
16:03:39:938  INFO 26964 --- [nacos-grpc-client-executor-10] com.alibaba.nacos.common.remote.client   : [6624119f-7cff-47c0-be82-12a0d3330363] Ack server push request, request = NotifySubscriberRequest, requestId = 16
16:03:40:430  INFO 26964 --- [main] d.s.w.p.DocumentationPluginsBootstrapper : Documentation plugins bootstrapped
16:03:40:435  INFO 26964 --- [main] d.s.w.p.DocumentationPluginsBootstrapper : Found 1 custom documentation plugin(s)
16:03:40:477  INFO 26964 --- [main] s.d.s.w.s.ApiListingReferenceScanner     : Scanning for api listing references
16:03:40:673  INFO 26964 --- [main] com.hmall.item.ItemApplication           : Started ItemApplication in 10.35 seconds (JVM running for 11.728)
16:04:23:714  INFO 26964 --- [http-nio-8083-exec-1] o.a.c.c.C.[Tomcat].[localhost].[/]       : Initializing Spring DispatcherServlet 'dispatcherServlet'
16:04:23:714  INFO 26964 --- [http-nio-8083-exec-1] o.s.web.servlet.DispatcherServlet        : Initializing Servlet 'dispatcherServlet'
16:04:23:715  INFO 26964 --- [http-nio-8083-exec-1] o.s.web.servlet.DispatcherServlet        : Completed initialization in 1 ms
16:04:23:822  INFO 26964 --- [http-nio-8083-exec-1] com.zaxxer.hikari.HikariDataSource       : HikariPool-1 - Starting...
16:04:24:084  INFO 26964 --- [http-nio-8083-exec-1] com.zaxxer.hikari.HikariDataSource       : HikariPool-1 - Start completed.
16:04:24:092 DEBUG 26964 --- [http-nio-8083-exec-1] c.h.i.m.ItemMapper.selectPage_mpCount    : ==>  Preparing: SELECT COUNT(*) FROM item
16:04:24:108 DEBUG 26964 --- [http-nio-8083-exec-1] c.h.i.m.ItemMapper.selectPage_mpCount    : ==> Parameters: 
16:04:26:279 DEBUG 26964 --- [http-nio-8083-exec-1] c.h.i.m.ItemMapper.selectPage_mpCount    : <==      Total: 1
16:04:26:289 DEBUG 26964 --- [http-nio-8083-exec-1] c.h.item.mapper.ItemMapper.selectPage    : ==>  Preparing: SELECT id, name, price, stock, image, category, brand, spec, sold, comment_count, isAD, status, create_time, update_time, creater, updater FROM item ORDER BY update_time DESC LIMIT ?
16:04:26:289 DEBUG 26964 --- [http-nio-8083-exec-1] c.h.item.mapper.ItemMapper.selectPage    : ==> Parameters: 1(Long)
16:04:26:312 DEBUG 26964 --- [http-nio-8083-exec-1] c.h.item.mapper.ItemMapper.selectPage    : <==      Total: 1
16:06:27:781 DEBUG 26964 --- [http-nio-8083-exec-3] c.h.i.mapper.ItemMapper.selectBatchIds   : ==>  Preparing: SELECT id,name,price,stock,image,category,brand,spec,sold,comment_count,isAD,status,create_time,update_time,creater,updater FROM item WHERE id IN ( ? )
16:06:27:781 DEBUG 26964 --- [http-nio-8083-exec-3] c.h.i.mapper.ItemMapper.selectBatchIds   : ==> Parameters: 100000006163(Long)
16:06:27:784 DEBUG 26964 --- [http-nio-8083-exec-3] c.h.i.mapper.ItemMapper.selectBatchIds   : <==      Total: 1
16:06:31:787 DEBUG 26964 --- [http-nio-8083-exec-4] c.h.i.mapper.ItemMapper.selectBatchIds   : ==>  Preparing: SELECT id,name,price,stock,image,category,brand,spec,sold,comment_count,isAD,status,create_time,update_time,creater,updater FROM item WHERE id IN ( ? )
16:06:31:788 DEBUG 26964 --- [http-nio-8083-exec-4] c.h.i.mapper.ItemMapper.selectBatchIds   : ==> Parameters: 100000006163(Long)
16:06:31:790 DEBUG 26964 --- [http-nio-8083-exec-4] c.h.i.mapper.ItemMapper.selectBatchIds   : <==      Total: 1
16:06:35:001 DEBUG 26964 --- [http-nio-8083-exec-5] c.h.i.mapper.ItemMapper.selectBatchIds   : ==>  Preparing: SELECT id,name,price,stock,image,category,brand,spec,sold,comment_count,isAD,status,create_time,update_time,creater,updater FROM item WHERE id IN ( ? )
16:06:35:001 DEBUG 26964 --- [http-nio-8083-exec-5] c.h.i.mapper.ItemMapper.selectBatchIds   : ==> Parameters: 100000006163(Long)
16:06:35:004 DEBUG 26964 --- [http-nio-8083-exec-5] c.h.i.mapper.ItemMapper.selectBatchIds   : <==      Total: 1
16:06:36:253 DEBUG 26964 --- [http-nio-8083-exec-6] c.h.i.mapper.ItemMapper.selectBatchIds   : ==>  Preparing: SELECT id,name,price,stock,image,category,brand,spec,sold,comment_count,isAD,status,create_time,update_time,creater,updater FROM item WHERE id IN ( ? )
16:06:36:253 DEBUG 26964 --- [http-nio-8083-exec-6] c.h.i.mapper.ItemMapper.selectBatchIds   : ==> Parameters: 100000006163(Long)
16:06:36:256 DEBUG 26964 --- [http-nio-8083-exec-6] c.h.i.mapper.ItemMapper.selectBatchIds   : <==      Total: 1
16:06:50:468 DEBUG 26964 --- [http-nio-8083-exec-7] c.h.i.mapper.ItemMapper.selectBatchIds   : ==>  Preparing: SELECT id,name,price,stock,image,category,brand,spec,sold,comment_count,isAD,status,create_time,update_time,creater,updater FROM item WHERE id IN ( ? )
16:06:50:469 DEBUG 26964 --- [http-nio-8083-exec-7] c.h.i.mapper.ItemMapper.selectBatchIds   : ==> Parameters: 100000006163(Long)
16:06:50:472 DEBUG 26964 --- [http-nio-8083-exec-7] c.h.i.mapper.ItemMapper.selectBatchIds   : <==      Total: 1
16:11:33:117 DEBUG 26964 --- [http-nio-8083-exec-9] c.h.i.mapper.ItemMapper.selectBatchIds   : ==>  Preparing: SELECT id,name,price,stock,image,category,brand,spec,sold,comment_count,isAD,status,create_time,update_time,creater,updater FROM item WHERE id IN ( ? )
16:11:33:117 DEBUG 26964 --- [http-nio-8083-exec-9] c.h.i.mapper.ItemMapper.selectBatchIds   : ==> Parameters: 100000006163(Long)
16:11:33:127 DEBUG 26964 --- [http-nio-8083-exec-9] c.h.i.mapper.ItemMapper.selectBatchIds   : <==      Total: 1
16:13:29:878 DEBUG 26964 --- [http-nio-8083-exec-1] c.h.i.mapper.ItemMapper.selectBatchIds   : ==>  Preparing: SELECT id,name,price,stock,image,category,brand,spec,sold,comment_count,isAD,status,create_time,update_time,creater,updater FROM item WHERE id IN ( ? )
16:13:29:879 DEBUG 26964 --- [http-nio-8083-exec-1] c.h.i.mapper.ItemMapper.selectBatchIds   : ==> Parameters: 100000006163(Long)
16:13:29:882 DEBUG 26964 --- [http-nio-8083-exec-1] c.h.i.mapper.ItemMapper.selectBatchIds   : <==      Total: 1
17:19:24:159  WARN 26964 --- [Thread-4] c.a.nacos.common.notify.NotifyCenter     : [NotifyCenter] Start destroying Publisher
17:19:24:159  WARN 26964 --- [Thread-7] c.a.n.common.http.HttpClientBeanHolder   : [HttpClientBeanHolder] Start destroying common HttpClient
17:19:24:164  WARN 26964 --- [Thread-4] c.a.nacos.common.notify.NotifyCenter     : [NotifyCenter] Destruction of the end
17:19:24:167  WARN 26964 --- [Thread-7] c.a.n.common.http.HttpClientBeanHolder   : [HttpClientBeanHolder] Destruction of the end
17:19:24:736  INFO 26964 --- [SpringApplicationShutdownHook] c.a.c.n.registry.NacosServiceRegistry    : De-registering from Nacos Server now...
17:19:24:743  INFO 26964 --- [SpringApplicationShutdownHook] c.a.c.n.registry.NacosServiceRegistry    : De-registration finished.
17:19:25:076  INFO 26964 --- [SpringApplicationShutdownHook] com.alibaba.nacos.common.remote.client   : Shutdown rpc client, set status to shutdown
17:19:25:076  INFO 26964 --- [SpringApplicationShutdownHook] com.alibaba.nacos.common.remote.client   : Shutdown client event executor java.util.concurrent.ScheduledThreadPoolExecutor@9a4f8cb[Running, pool size = 2, active threads = 2, queued tasks = 0, completed tasks = 0]
17:19:25:077  INFO 26964 --- [SpringApplicationShutdownHook] com.alibaba.nacos.common.remote.client   : Close current connection 1697529817274_192.168.107.1_42601
17:19:25:080  INFO 26964 --- [nacos-grpc-client-executor-1010] c.a.n.c.remote.client.grpc.GrpcClient    : [1697529817274_192.168.107.1_42601]Ignore complete event,isRunning:false,isAbandon=false
17:19:25:085  INFO 26964 --- [SpringApplicationShutdownHook] c.a.n.c.remote.client.grpc.GrpcClient    : Shutdown grpc executor java.util.concurrent.ThreadPoolExecutor@6198fc11[Running, pool size = 5, active threads = 0, queued tasks = 0, completed tasks = 1011]
17:19:25:093  INFO 26964 --- [SpringApplicationShutdownHook] com.zaxxer.hikari.HikariDataSource       : HikariPool-1 - Shutdown initiated...
17:19:25:128  INFO 26964 --- [SpringApplicationShutdownHook] com.zaxxer.hikari.HikariDataSource       : HikariPool-1 - Shutdown completed.
17:19:29:765  INFO 22380 --- [main] com.hmall.item.ItemApplication           : Starting ItemApplication using Java 11.0.20.1 on LAPTOP-AV2CUG49 with PID 22380 (E:\Project\Java\JavaStudy\SpringCloudDemo\hmall\item-service\target\classes started by 醒酒器 in E:\Project\Java\JavaStudy\SpringCloudDemo)
17:19:29:768 DEBUG 22380 --- [main] com.hmall.item.ItemApplication           : Running with Spring Boot v2.7.12, Spring v5.3.27
17:19:29:768  INFO 22380 --- [main] com.hmall.item.ItemApplication           : The following 1 profile is active: "local"
17:19:30:779  INFO 22380 --- [main] o.s.cloud.context.scope.GenericScope     : BeanFactory id=d6b4b2a3-6562-3368-88c4-775d5ce32ecc
17:19:31:130  INFO 22380 --- [main] o.s.b.w.embedded.tomcat.TomcatWebServer  : Tomcat initialized with port(s): 8083 (http)
17:19:31:139  INFO 22380 --- [main] o.apache.catalina.core.StandardService   : Starting service [Tomcat]
17:19:31:140  INFO 22380 --- [main] org.apache.catalina.core.StandardEngine  : Starting Servlet engine: [Apache Tomcat/9.0.75]
17:19:31:281  INFO 22380 --- [main] o.a.c.c.C.[Tomcat].[localhost].[/]       : Initializing Spring embedded WebApplicationContext
17:19:31:281  INFO 22380 --- [main] w.s.c.ServletWebServerApplicationContext : Root WebApplicationContext: initialization completed in 1472 ms
17:19:34:335  INFO 22380 --- [main] pertySourcedRequestMappingHandlerMapping : Mapped URL path [/v2/api-docs] onto method [springfox.documentation.swagger2.web.Swagger2ControllerWebMvc#getDocumentation(String, HttpServletRequest)]
17:19:35:289  INFO 22380 --- [main] com.alibaba.nacos.common.remote.client   : [RpcClientFactory] create a new rpc client of 9a738e2f-6724-46d9-ab53-fa037ab63e3d
17:19:35:322  INFO 22380 --- [main] org.reflections.Reflections              : Reflections took 17 ms to scan 1 urls, producing 3 keys and 6 values 
17:19:35:341  INFO 22380 --- [main] org.reflections.Reflections              : Reflections took 7 ms to scan 1 urls, producing 4 keys and 9 values 
17:19:35:349  INFO 22380 --- [main] org.reflections.Reflections              : Reflections took 6 ms to scan 1 urls, producing 3 keys and 10 values 
17:19:35:351  WARN 22380 --- [main] org.reflections.Reflections              : given scan urls are empty. set urls in the configuration
17:19:35:357  INFO 22380 --- [main] org.reflections.Reflections              : Reflections took 5 ms to scan 1 urls, producing 1 keys and 5 values 
17:19:35:377  INFO 22380 --- [main] org.reflections.Reflections              : Reflections took 17 ms to scan 1 urls, producing 1 keys and 7 values 
17:19:35:386  INFO 22380 --- [main] org.reflections.Reflections              : Reflections took 6 ms to scan 1 urls, producing 2 keys and 8 values 
17:19:35:389  WARN 22380 --- [main] org.reflections.Reflections              : given scan urls are empty. set urls in the configuration
17:19:35:390  INFO 22380 --- [main] com.alibaba.nacos.common.remote.client   : [9a738e2f-6724-46d9-ab53-fa037ab63e3d] RpcClient init label, labels = {module=naming, source=sdk}
17:19:35:392  INFO 22380 --- [main] com.alibaba.nacos.common.remote.client   : [9a738e2f-6724-46d9-ab53-fa037ab63e3d] RpcClient init, ServerListFactory = com.alibaba.nacos.client.naming.core.ServerListManager
17:19:35:392  INFO 22380 --- [main] com.alibaba.nacos.common.remote.client   : [9a738e2f-6724-46d9-ab53-fa037ab63e3d] Registry connection listener to current client:com.alibaba.nacos.client.naming.remote.gprc.redo.NamingGrpcRedoService
17:19:35:393  INFO 22380 --- [main] com.alibaba.nacos.common.remote.client   : [9a738e2f-6724-46d9-ab53-fa037ab63e3d] Register server push request handler:com.alibaba.nacos.client.naming.remote.gprc.NamingPushRequestHandler
17:19:35:394  INFO 22380 --- [main] com.alibaba.nacos.common.remote.client   : [9a738e2f-6724-46d9-ab53-fa037ab63e3d] Try to connect to server on start up, server: {serverIp = '192.168.107.128', server main port = 8848}
17:19:37:174  INFO 22380 --- [main] com.alibaba.nacos.common.remote.client   : [9a738e2f-6724-46d9-ab53-fa037ab63e3d] Success to connect to server [192.168.107.128:8848] on start up, connectionId = 1697534375062_192.168.107.1_45131
17:19:37:175  INFO 22380 --- [com.alibaba.nacos.client.remote.worker] com.alibaba.nacos.common.remote.client   : [9a738e2f-6724-46d9-ab53-fa037ab63e3d] Notify connected event to listeners.
17:19:37:176  INFO 22380 --- [main] com.alibaba.nacos.common.remote.client   : [9a738e2f-6724-46d9-ab53-fa037ab63e3d] Register server push request handler:com.alibaba.nacos.common.remote.client.RpcClient$ConnectResetRequestHandler
17:19:37:177  INFO 22380 --- [main] com.alibaba.nacos.common.remote.client   : [9a738e2f-6724-46d9-ab53-fa037ab63e3d] Register server push request handler:com.alibaba.nacos.common.remote.client.RpcClient$$Lambda$938/0x00000008007a7c40
17:19:37:222  INFO 22380 --- [main] o.s.b.w.embedded.tomcat.TomcatWebServer  : Tomcat started on port(s): 8083 (http) with context path ''
17:19:37:232  INFO 22380 --- [main] c.a.c.n.registry.NacosServiceRegistry    : nacos registry, DEFAULT_GROUP item-service 192.168.66.86:8083 register finished
17:19:37:717  INFO 22380 --- [nacos-grpc-client-executor-10] com.alibaba.nacos.common.remote.client   : [9a738e2f-6724-46d9-ab53-fa037ab63e3d] Receive server push request, request = NotifySubscriberRequest, requestId = 35
17:19:37:720  INFO 22380 --- [nacos-grpc-client-executor-10] com.alibaba.nacos.common.remote.client   : [9a738e2f-6724-46d9-ab53-fa037ab63e3d] Ack server push request, request = NotifySubscriberRequest, requestId = 35
17:19:37:723  INFO 22380 --- [main] d.s.w.p.DocumentationPluginsBootstrapper : Documentation plugins bootstrapped
17:19:37:728  INFO 22380 --- [main] d.s.w.p.DocumentationPluginsBootstrapper : Found 1 custom documentation plugin(s)
17:19:37:752  INFO 22380 --- [main] s.d.s.w.s.ApiListingReferenceScanner     : Scanning for api listing references
17:19:37:863  INFO 22380 --- [main] com.hmall.item.ItemApplication           : Started ItemApplication in 9.3 seconds (JVM running for 10.788)
17:26:03:433  INFO 22380 --- [http-nio-8083-exec-1] o.a.c.c.C.[Tomcat].[localhost].[/]       : Initializing Spring DispatcherServlet 'dispatcherServlet'
17:26:03:433  INFO 22380 --- [http-nio-8083-exec-1] o.s.web.servlet.DispatcherServlet        : Initializing Servlet 'dispatcherServlet'
17:26:03:435  INFO 22380 --- [http-nio-8083-exec-1] o.s.web.servlet.DispatcherServlet        : Completed initialization in 2 ms
17:26:03:489  INFO 22380 --- [http-nio-8083-exec-1] com.zaxxer.hikari.HikariDataSource       : HikariPool-1 - Starting...
17:26:03:747  INFO 22380 --- [http-nio-8083-exec-1] com.zaxxer.hikari.HikariDataSource       : HikariPool-1 - Start completed.
17:26:03:753 DEBUG 22380 --- [http-nio-8083-exec-1] c.h.i.mapper.ItemMapper.selectBatchIds   : ==>  Preparing: SELECT id,name,price,stock,image,category,brand,spec,sold,comment_count,isAD,status,create_time,update_time,creater,updater FROM item WHERE id IN ( ? )
17:26:03:768 DEBUG 22380 --- [http-nio-8083-exec-1] c.h.i.mapper.ItemMapper.selectBatchIds   : ==> Parameters: 100000006163(Long)
17:26:03:800 DEBUG 22380 --- [http-nio-8083-exec-1] c.h.i.mapper.ItemMapper.selectBatchIds   : <==      Total: 1
